Compiled jquery.js  (2ms)  (pid 79893)
Compiled jquery_ujs.js  (1ms)  (pid 79893)
Compiled twitter/bootstrap/bootstrap-transition.js  (0ms)  (pid 79893)
Compiled twitter/bootstrap/bootstrap-alert.js  (0ms)  (pid 79893)
Compiled twitter/bootstrap/bootstrap-modal.js  (0ms)  (pid 79893)
Compiled twitter/bootstrap/bootstrap-dropdown.js  (0ms)  (pid 79893)
Compiled twitter/bootstrap/bootstrap-scrollspy.js  (0ms)  (pid 79893)
Compiled twitter/bootstrap/bootstrap-tab.js  (0ms)  (pid 79893)
Compiled twitter/bootstrap/bootstrap-tooltip.js  (1ms)  (pid 79893)
Compiled twitter/bootstrap/bootstrap-popover.js  (0ms)  (pid 79893)
Compiled twitter/bootstrap/bootstrap-button.js  (0ms)  (pid 79893)
Compiled twitter/bootstrap/bootstrap-collapse.js  (0ms)  (pid 79893)
Compiled twitter/bootstrap/bootstrap-carousel.js  (0ms)  (pid 79893)
Compiled twitter/bootstrap/bootstrap-typeahead.js  (0ms)  (pid 79893)
Compiled twitter/bootstrap.js  (194ms)  (pid 79893)
Compiled products.js  (82ms)  (pid 79893)
Compiled rails.validations.js  (0ms)  (pid 79893)
Compiled application.js  (380ms)  (pid 79893)
Compiled bootstrap_and_overrides.css  (1081ms)  (pid 79893)
Compiled comments.css  (24ms)  (pid 79893)
Compiled common.css  (1419ms)  (pid 79893)
Compiled home.css  (1ms)  (pid 79893)
Compiled pages.css  (1ms)  (pid 79893)
Compiled products.css  (12ms)  (pid 79893)
Compiled scaffolds.css  (14ms)  (pid 79893)
Compiled sessions.css  (1ms)  (pid 79893)
Compiled style.css  (0ms)  (pid 79893)
Compiled application.css  (2780ms)  (pid 79893)
Compiled jquery.js  (2ms)  (pid 79893)
Compiled jquery_ujs.js  (0ms)  (pid 79893)
Compiled twitter/bootstrap/bootstrap-transition.js  (0ms)  (pid 79893)
Compiled twitter/bootstrap/bootstrap-alert.js  (0ms)  (pid 79893)
Compiled twitter/bootstrap/bootstrap-modal.js  (0ms)  (pid 79893)
Compiled twitter/bootstrap/bootstrap-dropdown.js  (0ms)  (pid 79893)
Compiled twitter/bootstrap/bootstrap-scrollspy.js  (0ms)  (pid 79893)
Compiled twitter/bootstrap/bootstrap-tab.js  (0ms)  (pid 79893)
Compiled twitter/bootstrap/bootstrap-tooltip.js  (0ms)  (pid 79893)
Compiled twitter/bootstrap/bootstrap-popover.js  (0ms)  (pid 79893)
Compiled twitter/bootstrap/bootstrap-button.js  (0ms)  (pid 79893)
Compiled twitter/bootstrap/bootstrap-collapse.js  (0ms)  (pid 79893)
Compiled twitter/bootstrap/bootstrap-carousel.js  (0ms)  (pid 79893)
Compiled twitter/bootstrap/bootstrap-typeahead.js  (0ms)  (pid 79893)
Compiled twitter/bootstrap.js  (173ms)  (pid 79893)
Compiled products.js  (80ms)  (pid 79893)
Compiled rails.validations.js  (0ms)  (pid 79893)
Compiled application.js  (342ms)  (pid 79893)
Compiled bootstrap_and_overrides.css  (795ms)  (pid 79893)
Compiled comments.css  (24ms)  (pid 79893)
Compiled common.css  (1431ms)  (pid 79893)
Compiled home.css  (1ms)  (pid 79893)
Compiled pages.css  (1ms)  (pid 79893)
Compiled products.css  (12ms)  (pid 79893)
Compiled scaffolds.css  (12ms)  (pid 79893)
Compiled sessions.css  (1ms)  (pid 79893)
Compiled style.css  (0ms)  (pid 79893)
Compiled application.css  (2335ms)  (pid 79893)
Compiled jquery.js  (2ms)  (pid 16199)
Compiled jquery_ujs.js  (0ms)  (pid 16199)
Compiled twitter/bootstrap/bootstrap-transition.js  (0ms)  (pid 16199)
Compiled twitter/bootstrap/bootstrap-alert.js  (0ms)  (pid 16199)
Compiled twitter/bootstrap/bootstrap-modal.js  (0ms)  (pid 16199)
Compiled twitter/bootstrap/bootstrap-dropdown.js  (0ms)  (pid 16199)
Compiled twitter/bootstrap/bootstrap-scrollspy.js  (0ms)  (pid 16199)
Compiled twitter/bootstrap/bootstrap-tab.js  (0ms)  (pid 16199)
Compiled twitter/bootstrap/bootstrap-tooltip.js  (0ms)  (pid 16199)
Compiled twitter/bootstrap/bootstrap-popover.js  (0ms)  (pid 16199)
Compiled twitter/bootstrap/bootstrap-button.js  (0ms)  (pid 16199)
Compiled twitter/bootstrap/bootstrap-collapse.js  (0ms)  (pid 16199)
Compiled twitter/bootstrap/bootstrap-carousel.js  (0ms)  (pid 16199)
Compiled twitter/bootstrap/bootstrap-typeahead.js  (0ms)  (pid 16199)
Compiled twitter/bootstrap.js  (151ms)  (pid 16199)
Compiled products.js  (97ms)  (pid 16199)
Compiled rails.validations.js  (0ms)  (pid 16199)
Compiled colosal/jquery.contentcarousel.js  (0ms)  (pid 16199)
Compiled colosal/jquery.easing.1.3.js  (0ms)  (pid 16199)
Compiled colosal/jquery.mousewheel.js  (0ms)  (pid 16199)
Compiled pin_it.js  (0ms)  (pid 16199)
Compiled application.js  (512ms)  (pid 16199)
Compiled bootstrap_and_overrides.css  (1222ms)  (pid 16199)
Compiled categories.css  (25ms)  (pid 16199)
Compiled colosal/demo.css  (0ms)  (pid 16199)
Compiled colosal/jquery.jscrollpane.css  (0ms)  (pid 16199)
Compiled colosal/reset.css  (0ms)  (pid 16199)
Compiled colosal/style.css  (32ms)  (pid 16199)
Compiled comments.css  (2ms)  (pid 16199)
Compiled common.css  (1432ms)  (pid 16199)
Compiled home.css  (2ms)  (pid 16199)
Compiled pages.css  (1ms)  (pid 16199)
Compiled products.css  (19ms)  (pid 16199)
Compiled scaffolds.css  (18ms)  (pid 16199)
Compiled sessions.css  (2ms)  (pid 16199)
Compiled style.css  (0ms)  (pid 16199)
Compiled users.css  (2ms)  (pid 16199)
Compiled application.css  (3249ms)  (pid 16199)
Compiled jquery.js  (2ms)  (pid 16199)
Compiled jquery_ujs.js  (0ms)  (pid 16199)
Compiled twitter/bootstrap/bootstrap-transition.js  (0ms)  (pid 16199)
Compiled twitter/bootstrap/bootstrap-alert.js  (0ms)  (pid 16199)
Compiled twitter/bootstrap/bootstrap-modal.js  (0ms)  (pid 16199)
Compiled twitter/bootstrap/bootstrap-dropdown.js  (0ms)  (pid 16199)
Compiled twitter/bootstrap/bootstrap-scrollspy.js  (0ms)  (pid 16199)
Compiled twitter/bootstrap/bootstrap-tab.js  (0ms)  (pid 16199)
Compiled twitter/bootstrap/bootstrap-tooltip.js  (0ms)  (pid 16199)
Compiled twitter/bootstrap/bootstrap-popover.js  (0ms)  (pid 16199)
Compiled twitter/bootstrap/bootstrap-button.js  (0ms)  (pid 16199)
Compiled twitter/bootstrap/bootstrap-collapse.js  (0ms)  (pid 16199)
Compiled twitter/bootstrap/bootstrap-carousel.js  (0ms)  (pid 16199)
Compiled twitter/bootstrap/bootstrap-typeahead.js  (0ms)  (pid 16199)
Compiled twitter/bootstrap.js  (225ms)  (pid 16199)
Compiled products.js  (80ms)  (pid 16199)
Compiled rails.validations.js  (0ms)  (pid 16199)
Compiled colosal/jquery.contentcarousel.js  (0ms)  (pid 16199)
Compiled colosal/jquery.easing.1.3.js  (0ms)  (pid 16199)
Compiled colosal/jquery.mousewheel.js  (0ms)  (pid 16199)
Compiled pin_it.js  (0ms)  (pid 16199)
Compiled application.js  (376ms)  (pid 16199)
Compiled bootstrap_and_overrides.css  (877ms)  (pid 16199)
Compiled categories.css  (26ms)  (pid 16199)
Compiled colosal/demo.css  (0ms)  (pid 16199)
Compiled colosal/jquery.jscrollpane.css  (0ms)  (pid 16199)
Compiled colosal/reset.css  (2ms)  (pid 16199)
Compiled colosal/style.css  (27ms)  (pid 16199)
Compiled comments.css  (1ms)  (pid 16199)
Compiled common.css  (1408ms)  (pid 16199)
Compiled home.css  (1ms)  (pid 16199)
Compiled pages.css  (1ms)  (pid 16199)
Compiled products.css  (19ms)  (pid 16199)
Compiled scaffolds.css  (13ms)  (pid 16199)
Compiled sessions.css  (1ms)  (pid 16199)
Compiled style.css  (0ms)  (pid 16199)
Compiled users.css  (1ms)  (pid 16199)
Compiled application.css  (2630ms)  (pid 16199)
Compiled jquery.js  (2ms)  (pid 18100)
Compiled jquery_ujs.js  (0ms)  (pid 18100)
Compiled twitter/bootstrap/bootstrap-transition.js  (0ms)  (pid 18100)
Compiled twitter/bootstrap/bootstrap-alert.js  (0ms)  (pid 18100)
Compiled twitter/bootstrap/bootstrap-modal.js  (0ms)  (pid 18100)
Compiled twitter/bootstrap/bootstrap-dropdown.js  (0ms)  (pid 18100)
Compiled twitter/bootstrap/bootstrap-scrollspy.js  (0ms)  (pid 18100)
Compiled twitter/bootstrap/bootstrap-tab.js  (0ms)  (pid 18100)
Compiled twitter/bootstrap/bootstrap-tooltip.js  (0ms)  (pid 18100)
Compiled twitter/bootstrap/bootstrap-popover.js  (0ms)  (pid 18100)
Compiled twitter/bootstrap/bootstrap-button.js  (0ms)  (pid 18100)
Compiled twitter/bootstrap/bootstrap-collapse.js  (0ms)  (pid 18100)
Compiled twitter/bootstrap/bootstrap-carousel.js  (0ms)  (pid 18100)
Compiled twitter/bootstrap/bootstrap-typeahead.js  (0ms)  (pid 18100)
Compiled twitter/bootstrap.js  (165ms)  (pid 18100)
Compiled endless.js  (122ms)  (pid 18100)
Compiled products.js  (2ms)  (pid 18100)
Compiled rails.validations.js  (0ms)  (pid 18100)
Compiled colosal/jquery.contentcarousel.js  (0ms)  (pid 18100)
Compiled colosal/jquery.easing.1.3.js  (0ms)  (pid 18100)
Compiled colosal/jquery.mousewheel.js  (0ms)  (pid 18100)
Compiled pin_it.js  (0ms)  (pid 18100)
Compiled application.js  (502ms)  (pid 18100)
Compiled bootstrap_and_overrides.css  (1106ms)  (pid 18100)
Compiled categories.css  (37ms)  (pid 18100)
Compiled colosal/jquery.jscrollpane.css  (0ms)  (pid 18100)
Compiled colosal/style.css  (26ms)  (pid 18100)
Compiled comments.css  (1ms)  (pid 18100)
Compiled common.css  (1467ms)  (pid 18100)
Compiled home.css  (1ms)  (pid 18100)
Compiled pages.css  (1ms)  (pid 18100)
Compiled products.css  (19ms)  (pid 18100)
Compiled sessions.css  (2ms)  (pid 18100)
Compiled style.css  (0ms)  (pid 18100)
Compiled users.css  (1ms)  (pid 18100)
Compiled application.css  (2876ms)  (pid 18100)
Compiled jquery.js  (2ms)  (pid 18100)
Compiled jquery_ujs.js  (0ms)  (pid 18100)
Compiled twitter/bootstrap/bootstrap-transition.js  (0ms)  (pid 18100)
Compiled twitter/bootstrap/bootstrap-alert.js  (0ms)  (pid 18100)
Compiled twitter/bootstrap/bootstrap-modal.js  (0ms)  (pid 18100)
Compiled twitter/bootstrap/bootstrap-dropdown.js  (0ms)  (pid 18100)
Compiled twitter/bootstrap/bootstrap-scrollspy.js  (0ms)  (pid 18100)
Compiled twitter/bootstrap/bootstrap-tab.js  (8ms)  (pid 18100)
Compiled twitter/bootstrap/bootstrap-tooltip.js  (0ms)  (pid 18100)
Compiled twitter/bootstrap/bootstrap-popover.js  (0ms)  (pid 18100)
Compiled twitter/bootstrap/bootstrap-button.js  (0ms)  (pid 18100)
Compiled twitter/bootstrap/bootstrap-collapse.js  (0ms)  (pid 18100)
Compiled twitter/bootstrap/bootstrap-carousel.js  (0ms)  (pid 18100)
Compiled twitter/bootstrap/bootstrap-typeahead.js  (0ms)  (pid 18100)
Compiled twitter/bootstrap.js  (180ms)  (pid 18100)
Compiled endless.js  (105ms)  (pid 18100)
Compiled products.js  (2ms)  (pid 18100)
Compiled rails.validations.js  (0ms)  (pid 18100)
Compiled colosal/jquery.contentcarousel.js  (0ms)  (pid 18100)
Compiled colosal/jquery.easing.1.3.js  (0ms)  (pid 18100)
Compiled colosal/jquery.mousewheel.js  (0ms)  (pid 18100)
Compiled pin_it.js  (0ms)  (pid 18100)
Compiled application.js  (413ms)  (pid 18100)
Compiled bootstrap_and_overrides.css  (897ms)  (pid 18100)
Compiled categories.css  (48ms)  (pid 18100)
Compiled colosal/jquery.jscrollpane.css  (0ms)  (pid 18100)
Compiled colosal/style.css  (26ms)  (pid 18100)
Compiled comments.css  (1ms)  (pid 18100)
Compiled common.css  (1418ms)  (pid 18100)
Compiled home.css  (1ms)  (pid 18100)
Compiled pages.css  (1ms)  (pid 18100)
Compiled products.css  (18ms)  (pid 18100)
Compiled sessions.css  (2ms)  (pid 18100)
Compiled style.css  (0ms)  (pid 18100)
Compiled users.css  (1ms)  (pid 18100)
Compiled application.css  (2642ms)  (pid 18100)


Started GET "/" for 127.0.0.1 at 2012-05-27 15:33:50 +0530
Processing by ProductsController#index as HTML
Completed 500 Internal Server Error in 229ms

ActiveRecord::StatementInvalid (PG::Error: ERROR:  relation "products" does not exist
LINE 4:              WHERE a.attrelid = '"products"'::regclass
                                        ^
:             SELECT a.attname, format_type(a.atttypid, a.atttypmod), d.adsrc, a.attnotnull
              FROM pg_attribute a LEFT JOIN pg_attrdef d
                ON a.attrelid = d.adrelid AND a.attnum = d.adnum
             WHERE a.attrelid = '"products"'::regclass
               AND a.attnum > 0 AND NOT a.attisdropped
             ORDER BY a.attnum
):
  app/models/product.rb:16:in `few_products'
  app/controllers/products_controller.rb:5:in `index'




Started GET "/favicon.ico" for 127.0.0.1 at 2012-05-27 15:33:51 +0530

ActionController::RoutingError (No route matches [GET] "/favicon.ico"):
  actionpack (3.2.3) lib/action_dispatch/middleware/debug_exceptions.rb:21:in `call'
  actionpack (3.2.3) lib/action_dispatch/middleware/show_exceptions.rb:56:in `call'
  railties (3.2.3) lib/rails/rack/logger.rb:26:in `call_app'
  railties (3.2.3) lib/rails/rack/logger.rb:16:in `call'
  actionpack (3.2.3) lib/action_dispatch/middleware/request_id.rb:22:in `call'
  rack (1.4.1) lib/rack/methodoverride.rb:21:in `call'
  rack (1.4.1) lib/rack/runtime.rb:17:in `call'
  activesupport (3.2.3) lib/active_support/cache/strategy/local_cache.rb:72:in `call'
  rack (1.4.1) lib/rack/lock.rb:15:in `call'
  rack-cache (1.2) lib/rack/cache/context.rb:136:in `forward'
  rack-cache (1.2) lib/rack/cache/context.rb:245:in `fetch'
  rack-cache (1.2) lib/rack/cache/context.rb:185:in `lookup'
  rack-cache (1.2) lib/rack/cache/context.rb:66:in `call!'
  rack-cache (1.2) lib/rack/cache/context.rb:51:in `call'
  railties (3.2.3) lib/rails/engine.rb:479:in `call'
  railties (3.2.3) lib/rails/application.rb:220:in `call'
  rack (1.4.1) lib/rack/content_length.rb:14:in `call'
  railties (3.2.3) lib/rails/rack/log_tailer.rb:14:in `call'
  rack (1.4.1) lib/rack/handler/webrick.rb:59:in `service'
  /Users/gajendra/.rvm/rubies/ruby-1.9.2-p290/lib/ruby/1.9.1/webrick/httpserver.rb:111:in `service'
  /Users/gajendra/.rvm/rubies/ruby-1.9.2-p290/lib/ruby/1.9.1/webrick/httpserver.rb:70:in `run'
  /Users/gajendra/.rvm/rubies/ruby-1.9.2-p290/lib/ruby/1.9.1/webrick/server.rb:183:in `block in start_thread'


Migrating to DeviseCreateUsers (20120427101129)
Migrating to CreatePages (20120427122138)
Migrating to CreateProducts (20120524211420)
Migrating to CreateComments (20120525022436)
Migrating to CreateCategories (20120527014217)


Started GET "/" for 127.0.0.1 at 2012-05-27 15:34:28 +0530
Processing by ProductsController#index as HTML
  Rendered products/index.html.haml within layouts/application (89.3ms)
Completed 200 OK in 211ms (Views: 161.2ms | ActiveRecord: 38.6ms)


Started GET "/assets/application-3c24ed796b43777b5f52d715bd4a6833.css" for 127.0.0.1 at 2012-05-27 15:34:29 +0530

ActionController::RoutingError (No route matches [GET] "/assets/application-3c24ed796b43777b5f52d715bd4a6833.css"):
  actionpack (3.2.3) lib/action_dispatch/middleware/debug_exceptions.rb:21:in `call'
  actionpack (3.2.3) lib/action_dispatch/middleware/show_exceptions.rb:56:in `call'
  railties (3.2.3) lib/rails/rack/logger.rb:26:in `call_app'
  railties (3.2.3) lib/rails/rack/logger.rb:16:in `call'
  actionpack (3.2.3) lib/action_dispatch/middleware/request_id.rb:22:in `call'
  rack (1.4.1) lib/rack/methodoverride.rb:21:in `call'
  rack (1.4.1) lib/rack/runtime.rb:17:in `call'
  activesupport (3.2.3) lib/active_support/cache/strategy/local_cache.rb:72:in `call'
  rack (1.4.1) lib/rack/lock.rb:15:in `call'
  rack-cache (1.2) lib/rack/cache/context.rb:136:in `forward'
  rack-cache (1.2) lib/rack/cache/context.rb:245:in `fetch'
  rack-cache (1.2) lib/rack/cache/context.rb:185:in `lookup'
  rack-cache (1.2) lib/rack/cache/context.rb:66:in `call!'
  rack-cache (1.2) lib/rack/cache/context.rb:51:in `call'
  railties (3.2.3) lib/rails/engine.rb:479:in `call'
  railties (3.2.3) lib/rails/application.rb:220:in `call'
  rack (1.4.1) lib/rack/content_length.rb:14:in `call'
  railties (3.2.3) lib/rails/rack/log_tailer.rb:14:in `call'
  rack (1.4.1) lib/rack/handler/webrick.rb:59:in `service'
  /Users/gajendra/.rvm/rubies/ruby-1.9.2-p290/lib/ruby/1.9.1/webrick/httpserver.rb:111:in `service'
  /Users/gajendra/.rvm/rubies/ruby-1.9.2-p290/lib/ruby/1.9.1/webrick/httpserver.rb:70:in `run'
  /Users/gajendra/.rvm/rubies/ruby-1.9.2-p290/lib/ruby/1.9.1/webrick/server.rb:183:in `block in start_thread'




Started GET "/assets/application-411d45d553072c430c9a514ba61bafa2.js" for 127.0.0.1 at 2012-05-27 15:34:29 +0530

ActionController::RoutingError (No route matches [GET] "/assets/application-411d45d553072c430c9a514ba61bafa2.js"):
  actionpack (3.2.3) lib/action_dispatch/middleware/debug_exceptions.rb:21:in `call'
  actionpack (3.2.3) lib/action_dispatch/middleware/show_exceptions.rb:56:in `call'
  railties (3.2.3) lib/rails/rack/logger.rb:26:in `call_app'
  railties (3.2.3) lib/rails/rack/logger.rb:16:in `call'
  actionpack (3.2.3) lib/action_dispatch/middleware/request_id.rb:22:in `call'
  rack (1.4.1) lib/rack/methodoverride.rb:21:in `call'
  rack (1.4.1) lib/rack/runtime.rb:17:in `call'
  activesupport (3.2.3) lib/active_support/cache/strategy/local_cache.rb:72:in `call'
  rack (1.4.1) lib/rack/lock.rb:15:in `call'
  rack-cache (1.2) lib/rack/cache/context.rb:136:in `forward'
  rack-cache (1.2) lib/rack/cache/context.rb:245:in `fetch'
  rack-cache (1.2) lib/rack/cache/context.rb:185:in `lookup'
  rack-cache (1.2) lib/rack/cache/context.rb:66:in `call!'
  rack-cache (1.2) lib/rack/cache/context.rb:51:in `call'
  railties (3.2.3) lib/rails/engine.rb:479:in `call'
  railties (3.2.3) lib/rails/application.rb:220:in `call'
  rack (1.4.1) lib/rack/content_length.rb:14:in `call'
  railties (3.2.3) lib/rails/rack/log_tailer.rb:14:in `call'
  rack (1.4.1) lib/rack/handler/webrick.rb:59:in `service'
  /Users/gajendra/.rvm/rubies/ruby-1.9.2-p290/lib/ruby/1.9.1/webrick/httpserver.rb:111:in `service'
  /Users/gajendra/.rvm/rubies/ruby-1.9.2-p290/lib/ruby/1.9.1/webrick/httpserver.rb:70:in `run'
  /Users/gajendra/.rvm/rubies/ruby-1.9.2-p290/lib/ruby/1.9.1/webrick/server.rb:183:in `block in start_thread'




Started GET "/assets/logo_icon-a5312ce6ffd4ef31079e01f2a8af99d1.png" for 127.0.0.1 at 2012-05-27 15:34:29 +0530

ActionController::RoutingError (No route matches [GET] "/assets/logo_icon-a5312ce6ffd4ef31079e01f2a8af99d1.png"):
  actionpack (3.2.3) lib/action_dispatch/middleware/debug_exceptions.rb:21:in `call'
  actionpack (3.2.3) lib/action_dispatch/middleware/show_exceptions.rb:56:in `call'
  railties (3.2.3) lib/rails/rack/logger.rb:26:in `call_app'
  railties (3.2.3) lib/rails/rack/logger.rb:16:in `call'
  actionpack (3.2.3) lib/action_dispatch/middleware/request_id.rb:22:in `call'
  rack (1.4.1) lib/rack/methodoverride.rb:21:in `call'
  rack (1.4.1) lib/rack/runtime.rb:17:in `call'
  activesupport (3.2.3) lib/active_support/cache/strategy/local_cache.rb:72:in `call'
  rack (1.4.1) lib/rack/lock.rb:15:in `call'
  rack-cache (1.2) lib/rack/cache/context.rb:136:in `forward'
  rack-cache (1.2) lib/rack/cache/context.rb:245:in `fetch'
  rack-cache (1.2) lib/rack/cache/context.rb:185:in `lookup'
  rack-cache (1.2) lib/rack/cache/context.rb:66:in `call!'
  rack-cache (1.2) lib/rack/cache/context.rb:51:in `call'
  railties (3.2.3) lib/rails/engine.rb:479:in `call'
  railties (3.2.3) lib/rails/application.rb:220:in `call'
  rack (1.4.1) lib/rack/content_length.rb:14:in `call'
  railties (3.2.3) lib/rails/rack/log_tailer.rb:14:in `call'
  rack (1.4.1) lib/rack/handler/webrick.rb:59:in `service'
  /Users/gajendra/.rvm/rubies/ruby-1.9.2-p290/lib/ruby/1.9.1/webrick/httpserver.rb:111:in `service'
  /Users/gajendra/.rvm/rubies/ruby-1.9.2-p290/lib/ruby/1.9.1/webrick/httpserver.rb:70:in `run'
  /Users/gajendra/.rvm/rubies/ruby-1.9.2-p290/lib/ruby/1.9.1/webrick/server.rb:183:in `block in start_thread'




Started GET "/favicon.ico" for 127.0.0.1 at 2012-05-27 15:34:29 +0530

ActionController::RoutingError (No route matches [GET] "/favicon.ico"):
  actionpack (3.2.3) lib/action_dispatch/middleware/debug_exceptions.rb:21:in `call'
  actionpack (3.2.3) lib/action_dispatch/middleware/show_exceptions.rb:56:in `call'
  railties (3.2.3) lib/rails/rack/logger.rb:26:in `call_app'
  railties (3.2.3) lib/rails/rack/logger.rb:16:in `call'
  actionpack (3.2.3) lib/action_dispatch/middleware/request_id.rb:22:in `call'
  rack (1.4.1) lib/rack/methodoverride.rb:21:in `call'
  rack (1.4.1) lib/rack/runtime.rb:17:in `call'
  activesupport (3.2.3) lib/active_support/cache/strategy/local_cache.rb:72:in `call'
  rack (1.4.1) lib/rack/lock.rb:15:in `call'
  rack-cache (1.2) lib/rack/cache/context.rb:136:in `forward'
  rack-cache (1.2) lib/rack/cache/context.rb:245:in `fetch'
  rack-cache (1.2) lib/rack/cache/context.rb:185:in `lookup'
  rack-cache (1.2) lib/rack/cache/context.rb:66:in `call!'
  rack-cache (1.2) lib/rack/cache/context.rb:51:in `call'
  railties (3.2.3) lib/rails/engine.rb:479:in `call'
  railties (3.2.3) lib/rails/application.rb:220:in `call'
  rack (1.4.1) lib/rack/content_length.rb:14:in `call'
  railties (3.2.3) lib/rails/rack/log_tailer.rb:14:in `call'
  rack (1.4.1) lib/rack/handler/webrick.rb:59:in `service'
  /Users/gajendra/.rvm/rubies/ruby-1.9.2-p290/lib/ruby/1.9.1/webrick/httpserver.rb:111:in `service'
  /Users/gajendra/.rvm/rubies/ruby-1.9.2-p290/lib/ruby/1.9.1/webrick/httpserver.rb:70:in `run'
  /Users/gajendra/.rvm/rubies/ruby-1.9.2-p290/lib/ruby/1.9.1/webrick/server.rb:183:in `block in start_thread'




Started GET "/" for 127.0.0.1 at 2012-05-27 15:36:40 +0530
Processing by ProductsController#index as HTML
  Rendered products/index.html.haml within layouts/application (9.0ms)
Completed 500 Internal Server Error in 279ms

ActionView::Template::Error (application.css isn't precompiled):
    9:         / Le HTML5 shim, for IE6-8 support of HTML elements
    10:         /[if lt IE 9]
    11:           <script src="http://html5shim.googlecode.com/svn/trunk/html5.js" type="text/javascript"></script>
    12:         = stylesheet_link_tag "application", :media => "all"
    13:         = javascript_include_tag "application"
    14:   %body{style:"background:#DEDEDE"}
    15:     .navbar
  app/views/layouts/application.html.haml:12:in `_app_views_layouts_application_html_haml__1379885519501934272_70147718793220'
  app/controllers/products_controller.rb:8:in `index'




Started GET "/favicon.ico" for 127.0.0.1 at 2012-05-27 15:36:41 +0530

ActionController::RoutingError (No route matches [GET] "/favicon.ico"):
  actionpack (3.2.3) lib/action_dispatch/middleware/debug_exceptions.rb:21:in `call'
  actionpack (3.2.3) lib/action_dispatch/middleware/show_exceptions.rb:56:in `call'
  railties (3.2.3) lib/rails/rack/logger.rb:26:in `call_app'
  railties (3.2.3) lib/rails/rack/logger.rb:16:in `call'
  actionpack (3.2.3) lib/action_dispatch/middleware/request_id.rb:22:in `call'
  rack (1.4.1) lib/rack/methodoverride.rb:21:in `call'
  rack (1.4.1) lib/rack/runtime.rb:17:in `call'
  activesupport (3.2.3) lib/active_support/cache/strategy/local_cache.rb:72:in `call'
  rack (1.4.1) lib/rack/lock.rb:15:in `call'
  rack-cache (1.2) lib/rack/cache/context.rb:136:in `forward'
  rack-cache (1.2) lib/rack/cache/context.rb:245:in `fetch'
  rack-cache (1.2) lib/rack/cache/context.rb:185:in `lookup'
  rack-cache (1.2) lib/rack/cache/context.rb:66:in `call!'
  rack-cache (1.2) lib/rack/cache/context.rb:51:in `call'
  railties (3.2.3) lib/rails/engine.rb:479:in `call'
  railties (3.2.3) lib/rails/application.rb:220:in `call'
  rack (1.4.1) lib/rack/content_length.rb:14:in `call'
  railties (3.2.3) lib/rails/rack/log_tailer.rb:14:in `call'
  rack (1.4.1) lib/rack/handler/webrick.rb:59:in `service'
  /Users/gajendra/.rvm/rubies/ruby-1.9.2-p290/lib/ruby/1.9.1/webrick/httpserver.rb:111:in `service'
  /Users/gajendra/.rvm/rubies/ruby-1.9.2-p290/lib/ruby/1.9.1/webrick/httpserver.rb:70:in `run'
  /Users/gajendra/.rvm/rubies/ruby-1.9.2-p290/lib/ruby/1.9.1/webrick/server.rb:183:in `block in start_thread'


Compiled jquery.js  (2ms)  (pid 18309)
Compiled jquery_ujs.js  (0ms)  (pid 18309)
Compiled twitter/bootstrap/bootstrap-transition.js  (0ms)  (pid 18309)
Compiled twitter/bootstrap/bootstrap-alert.js  (0ms)  (pid 18309)
Compiled twitter/bootstrap/bootstrap-modal.js  (0ms)  (pid 18309)
Compiled twitter/bootstrap/bootstrap-dropdown.js  (0ms)  (pid 18309)
Compiled twitter/bootstrap/bootstrap-scrollspy.js  (0ms)  (pid 18309)
Compiled twitter/bootstrap/bootstrap-tab.js  (0ms)  (pid 18309)
Compiled twitter/bootstrap/bootstrap-tooltip.js  (0ms)  (pid 18309)
Compiled twitter/bootstrap/bootstrap-popover.js  (0ms)  (pid 18309)
Compiled twitter/bootstrap/bootstrap-button.js  (0ms)  (pid 18309)
Compiled twitter/bootstrap/bootstrap-collapse.js  (0ms)  (pid 18309)
Compiled twitter/bootstrap/bootstrap-carousel.js  (0ms)  (pid 18309)
Compiled twitter/bootstrap/bootstrap-typeahead.js  (0ms)  (pid 18309)
Compiled twitter/bootstrap.js  (272ms)  (pid 18309)
Compiled endless.js  (88ms)  (pid 18309)
Compiled products.js  (2ms)  (pid 18309)
Compiled rails.validations.js  (0ms)  (pid 18309)
Compiled colosal/jquery.contentcarousel.js  (0ms)  (pid 18309)
Compiled colosal/jquery.easing.1.3.js  (0ms)  (pid 18309)
Compiled colosal/jquery.mousewheel.js  (0ms)  (pid 18309)
Compiled pin_it.js  (0ms)  (pid 18309)
Compiled application.js  (440ms)  (pid 18309)
Compiled bootstrap_and_overrides.css  (1117ms)  (pid 18309)
Compiled categories.css  (95ms)  (pid 18309)
Compiled colosal/jquery.jscrollpane.css  (0ms)  (pid 18309)
Compiled colosal/style.css  (31ms)  (pid 18309)
Compiled comments.css  (1ms)  (pid 18309)
Compiled common.css  (1537ms)  (pid 18309)
Compiled home.css  (1ms)  (pid 18309)
Compiled pages.css  (1ms)  (pid 18309)
Compiled products.css  (17ms)  (pid 18309)
Compiled sessions.css  (1ms)  (pid 18309)
Compiled style.css  (0ms)  (pid 18309)
Compiled users.css  (1ms)  (pid 18309)
Compiled application.css  (2888ms)  (pid 18309)
Compiled jquery.js  (2ms)  (pid 18309)
Compiled jquery_ujs.js  (0ms)  (pid 18309)
Compiled twitter/bootstrap/bootstrap-transition.js  (0ms)  (pid 18309)
Compiled twitter/bootstrap/bootstrap-alert.js  (0ms)  (pid 18309)
Compiled twitter/bootstrap/bootstrap-modal.js  (0ms)  (pid 18309)
Compiled twitter/bootstrap/bootstrap-dropdown.js  (0ms)  (pid 18309)
Compiled twitter/bootstrap/bootstrap-scrollspy.js  (0ms)  (pid 18309)
Compiled twitter/bootstrap/bootstrap-tab.js  (0ms)  (pid 18309)
Compiled twitter/bootstrap/bootstrap-tooltip.js  (0ms)  (pid 18309)
Compiled twitter/bootstrap/bootstrap-popover.js  (0ms)  (pid 18309)
Compiled twitter/bootstrap/bootstrap-button.js  (0ms)  (pid 18309)
Compiled twitter/bootstrap/bootstrap-collapse.js  (0ms)  (pid 18309)
Compiled twitter/bootstrap/bootstrap-carousel.js  (0ms)  (pid 18309)
Compiled twitter/bootstrap/bootstrap-typeahead.js  (0ms)  (pid 18309)
Compiled twitter/bootstrap.js  (171ms)  (pid 18309)
Compiled endless.js  (91ms)  (pid 18309)
Compiled products.js  (2ms)  (pid 18309)
Compiled rails.validations.js  (0ms)  (pid 18309)
Compiled colosal/jquery.contentcarousel.js  (0ms)  (pid 18309)
Compiled colosal/jquery.easing.1.3.js  (0ms)  (pid 18309)
Compiled colosal/jquery.mousewheel.js  (0ms)  (pid 18309)
Compiled pin_it.js  (0ms)  (pid 18309)
Compiled application.js  (430ms)  (pid 18309)
Compiled bootstrap_and_overrides.css  (864ms)  (pid 18309)
Compiled categories.css  (24ms)  (pid 18309)
Compiled colosal/jquery.jscrollpane.css  (0ms)  (pid 18309)
Compiled colosal/style.css  (27ms)  (pid 18309)
Compiled comments.css  (1ms)  (pid 18309)
Compiled common.css  (1417ms)  (pid 18309)
Compiled home.css  (1ms)  (pid 18309)
Compiled pages.css  (1ms)  (pid 18309)
Compiled products.css  (16ms)  (pid 18309)
Compiled sessions.css  (1ms)  (pid 18309)
Compiled style.css  (0ms)  (pid 18309)
Compiled users.css  (1ms)  (pid 18309)
Compiled application.css  (2612ms)  (pid 18309)


Started GET "/" for 127.0.0.1 at 2012-05-27 15:38:50 +0530
Processing by ProductsController#index as HTML
  Rendered products/index.html.haml within layouts/application (9.1ms)
Completed 200 OK in 262ms (Views: 83.9ms | ActiveRecord: 32.8ms)


Started GET "/assets/logo_icon-a5312ce6ffd4ef31079e01f2a8af99d1.png" for 127.0.0.1 at 2012-05-27 15:38:50 +0530

ActionController::RoutingError (No route matches [GET] "/assets/logo_icon-a5312ce6ffd4ef31079e01f2a8af99d1.png"):
  actionpack (3.2.3) lib/action_dispatch/middleware/debug_exceptions.rb:21:in `call'
  actionpack (3.2.3) lib/action_dispatch/middleware/show_exceptions.rb:56:in `call'
  railties (3.2.3) lib/rails/rack/logger.rb:26:in `call_app'
  railties (3.2.3) lib/rails/rack/logger.rb:16:in `call'
  actionpack (3.2.3) lib/action_dispatch/middleware/request_id.rb:22:in `call'
  rack (1.4.1) lib/rack/methodoverride.rb:21:in `call'
  rack (1.4.1) lib/rack/runtime.rb:17:in `call'
  activesupport (3.2.3) lib/active_support/cache/strategy/local_cache.rb:72:in `call'
  rack (1.4.1) lib/rack/lock.rb:15:in `call'
  rack-cache (1.2) lib/rack/cache/context.rb:136:in `forward'
  rack-cache (1.2) lib/rack/cache/context.rb:245:in `fetch'
  rack-cache (1.2) lib/rack/cache/context.rb:185:in `lookup'
  rack-cache (1.2) lib/rack/cache/context.rb:66:in `call!'
  rack-cache (1.2) lib/rack/cache/context.rb:51:in `call'
  railties (3.2.3) lib/rails/engine.rb:479:in `call'
  railties (3.2.3) lib/rails/application.rb:220:in `call'
  rack (1.4.1) lib/rack/content_length.rb:14:in `call'
  railties (3.2.3) lib/rails/rack/log_tailer.rb:14:in `call'
  rack (1.4.1) lib/rack/handler/webrick.rb:59:in `service'
  /Users/gajendra/.rvm/rubies/ruby-1.9.2-p290/lib/ruby/1.9.1/webrick/httpserver.rb:111:in `service'
  /Users/gajendra/.rvm/rubies/ruby-1.9.2-p290/lib/ruby/1.9.1/webrick/httpserver.rb:70:in `run'
  /Users/gajendra/.rvm/rubies/ruby-1.9.2-p290/lib/ruby/1.9.1/webrick/server.rb:183:in `block in start_thread'




Started GET "/assets/application-411d45d553072c430c9a514ba61bafa2.js" for 127.0.0.1 at 2012-05-27 15:38:50 +0530

ActionController::RoutingError (No route matches [GET] "/assets/application-411d45d553072c430c9a514ba61bafa2.js"):
  actionpack (3.2.3) lib/action_dispatch/middleware/debug_exceptions.rb:21:in `call'
  actionpack (3.2.3) lib/action_dispatch/middleware/show_exceptions.rb:56:in `call'
  railties (3.2.3) lib/rails/rack/logger.rb:26:in `call_app'
  railties (3.2.3) lib/rails/rack/logger.rb:16:in `call'
  actionpack (3.2.3) lib/action_dispatch/middleware/request_id.rb:22:in `call'
  rack (1.4.1) lib/rack/methodoverride.rb:21:in `call'
  rack (1.4.1) lib/rack/runtime.rb:17:in `call'
  activesupport (3.2.3) lib/active_support/cache/strategy/local_cache.rb:72:in `call'
  rack (1.4.1) lib/rack/lock.rb:15:in `call'
  rack-cache (1.2) lib/rack/cache/context.rb:136:in `forward'
  rack-cache (1.2) lib/rack/cache/context.rb:245:in `fetch'
  rack-cache (1.2) lib/rack/cache/context.rb:185:in `lookup'
  rack-cache (1.2) lib/rack/cache/context.rb:66:in `call!'
  rack-cache (1.2) lib/rack/cache/context.rb:51:in `call'
  railties (3.2.3) lib/rails/engine.rb:479:in `call'
  railties (3.2.3) lib/rails/application.rb:220:in `call'
  rack (1.4.1) lib/rack/content_length.rb:14:in `call'
  railties (3.2.3) lib/rails/rack/log_tailer.rb:14:in `call'
  rack (1.4.1) lib/rack/handler/webrick.rb:59:in `service'
  /Users/gajendra/.rvm/rubies/ruby-1.9.2-p290/lib/ruby/1.9.1/webrick/httpserver.rb:111:in `service'
  /Users/gajendra/.rvm/rubies/ruby-1.9.2-p290/lib/ruby/1.9.1/webrick/httpserver.rb:70:in `run'
  /Users/gajendra/.rvm/rubies/ruby-1.9.2-p290/lib/ruby/1.9.1/webrick/server.rb:183:in `block in start_thread'




Started GET "/assets/application-3c24ed796b43777b5f52d715bd4a6833.css" for 127.0.0.1 at 2012-05-27 15:38:50 +0530

ActionController::RoutingError (No route matches [GET] "/assets/application-3c24ed796b43777b5f52d715bd4a6833.css"):
  actionpack (3.2.3) lib/action_dispatch/middleware/debug_exceptions.rb:21:in `call'
  actionpack (3.2.3) lib/action_dispatch/middleware/show_exceptions.rb:56:in `call'
  railties (3.2.3) lib/rails/rack/logger.rb:26:in `call_app'
  railties (3.2.3) lib/rails/rack/logger.rb:16:in `call'
  actionpack (3.2.3) lib/action_dispatch/middleware/request_id.rb:22:in `call'
  rack (1.4.1) lib/rack/methodoverride.rb:21:in `call'
  rack (1.4.1) lib/rack/runtime.rb:17:in `call'
  activesupport (3.2.3) lib/active_support/cache/strategy/local_cache.rb:72:in `call'
  rack (1.4.1) lib/rack/lock.rb:15:in `call'
  rack-cache (1.2) lib/rack/cache/context.rb:136:in `forward'
  rack-cache (1.2) lib/rack/cache/context.rb:245:in `fetch'
  rack-cache (1.2) lib/rack/cache/context.rb:185:in `lookup'
  rack-cache (1.2) lib/rack/cache/context.rb:66:in `call!'
  rack-cache (1.2) lib/rack/cache/context.rb:51:in `call'
  railties (3.2.3) lib/rails/engine.rb:479:in `call'
  railties (3.2.3) lib/rails/application.rb:220:in `call'
  rack (1.4.1) lib/rack/content_length.rb:14:in `call'
  railties (3.2.3) lib/rails/rack/log_tailer.rb:14:in `call'
  rack (1.4.1) lib/rack/handler/webrick.rb:59:in `service'
  /Users/gajendra/.rvm/rubies/ruby-1.9.2-p290/lib/ruby/1.9.1/webrick/httpserver.rb:111:in `service'
  /Users/gajendra/.rvm/rubies/ruby-1.9.2-p290/lib/ruby/1.9.1/webrick/httpserver.rb:70:in `run'
  /Users/gajendra/.rvm/rubies/ruby-1.9.2-p290/lib/ruby/1.9.1/webrick/server.rb:183:in `block in start_thread'




Started GET "/assets/logo_icon-a5312ce6ffd4ef31079e01f2a8af99d1.png" for 127.0.0.1 at 2012-05-27 15:38:50 +0530

ActionController::RoutingError (No route matches [GET] "/assets/logo_icon-a5312ce6ffd4ef31079e01f2a8af99d1.png"):
  actionpack (3.2.3) lib/action_dispatch/middleware/debug_exceptions.rb:21:in `call'
  actionpack (3.2.3) lib/action_dispatch/middleware/show_exceptions.rb:56:in `call'
  railties (3.2.3) lib/rails/rack/logger.rb:26:in `call_app'
  railties (3.2.3) lib/rails/rack/logger.rb:16:in `call'
  actionpack (3.2.3) lib/action_dispatch/middleware/request_id.rb:22:in `call'
  rack (1.4.1) lib/rack/methodoverride.rb:21:in `call'
  rack (1.4.1) lib/rack/runtime.rb:17:in `call'
  activesupport (3.2.3) lib/active_support/cache/strategy/local_cache.rb:72:in `call'
  rack (1.4.1) lib/rack/lock.rb:15:in `call'
  rack-cache (1.2) lib/rack/cache/context.rb:136:in `forward'
  rack-cache (1.2) lib/rack/cache/context.rb:245:in `fetch'
  rack-cache (1.2) lib/rack/cache/context.rb:185:in `lookup'
  rack-cache (1.2) lib/rack/cache/context.rb:66:in `call!'
  rack-cache (1.2) lib/rack/cache/context.rb:51:in `call'
  railties (3.2.3) lib/rails/engine.rb:479:in `call'
  railties (3.2.3) lib/rails/application.rb:220:in `call'
  rack (1.4.1) lib/rack/content_length.rb:14:in `call'
  railties (3.2.3) lib/rails/rack/log_tailer.rb:14:in `call'
  rack (1.4.1) lib/rack/handler/webrick.rb:59:in `service'
  /Users/gajendra/.rvm/rubies/ruby-1.9.2-p290/lib/ruby/1.9.1/webrick/httpserver.rb:111:in `service'
  /Users/gajendra/.rvm/rubies/ruby-1.9.2-p290/lib/ruby/1.9.1/webrick/httpserver.rb:70:in `run'
  /Users/gajendra/.rvm/rubies/ruby-1.9.2-p290/lib/ruby/1.9.1/webrick/server.rb:183:in `block in start_thread'




Started GET "/favicon.ico" for 127.0.0.1 at 2012-05-27 15:38:50 +0530

ActionController::RoutingError (No route matches [GET] "/favicon.ico"):
  actionpack (3.2.3) lib/action_dispatch/middleware/debug_exceptions.rb:21:in `call'
  actionpack (3.2.3) lib/action_dispatch/middleware/show_exceptions.rb:56:in `call'
  railties (3.2.3) lib/rails/rack/logger.rb:26:in `call_app'
  railties (3.2.3) lib/rails/rack/logger.rb:16:in `call'
  actionpack (3.2.3) lib/action_dispatch/middleware/request_id.rb:22:in `call'
  rack (1.4.1) lib/rack/methodoverride.rb:21:in `call'
  rack (1.4.1) lib/rack/runtime.rb:17:in `call'
  activesupport (3.2.3) lib/active_support/cache/strategy/local_cache.rb:72:in `call'
  rack (1.4.1) lib/rack/lock.rb:15:in `call'
  rack-cache (1.2) lib/rack/cache/context.rb:136:in `forward'
  rack-cache (1.2) lib/rack/cache/context.rb:245:in `fetch'
  rack-cache (1.2) lib/rack/cache/context.rb:185:in `lookup'
  rack-cache (1.2) lib/rack/cache/context.rb:66:in `call!'
  rack-cache (1.2) lib/rack/cache/context.rb:51:in `call'
  railties (3.2.3) lib/rails/engine.rb:479:in `call'
  railties (3.2.3) lib/rails/application.rb:220:in `call'
  rack (1.4.1) lib/rack/content_length.rb:14:in `call'
  railties (3.2.3) lib/rails/rack/log_tailer.rb:14:in `call'
  rack (1.4.1) lib/rack/handler/webrick.rb:59:in `service'
  /Users/gajendra/.rvm/rubies/ruby-1.9.2-p290/lib/ruby/1.9.1/webrick/httpserver.rb:111:in `service'
  /Users/gajendra/.rvm/rubies/ruby-1.9.2-p290/lib/ruby/1.9.1/webrick/httpserver.rb:70:in `run'
  /Users/gajendra/.rvm/rubies/ruby-1.9.2-p290/lib/ruby/1.9.1/webrick/server.rb:183:in `block in start_thread'




Started GET "/" for 127.0.0.1 at 2012-05-27 15:38:51 +0530
Processing by ProductsController#index as HTML
  Rendered products/index.html.haml within layouts/application (2.1ms)
Completed 200 OK in 13ms (Views: 11.3ms | ActiveRecord: 0.7ms)


Started GET "/assets/application-3c24ed796b43777b5f52d715bd4a6833.css" for 127.0.0.1 at 2012-05-27 15:38:51 +0530

ActionController::RoutingError (No route matches [GET] "/assets/application-3c24ed796b43777b5f52d715bd4a6833.css"):
  actionpack (3.2.3) lib/action_dispatch/middleware/debug_exceptions.rb:21:in `call'
  actionpack (3.2.3) lib/action_dispatch/middleware/show_exceptions.rb:56:in `call'
  railties (3.2.3) lib/rails/rack/logger.rb:26:in `call_app'
  railties (3.2.3) lib/rails/rack/logger.rb:16:in `call'
  actionpack (3.2.3) lib/action_dispatch/middleware/request_id.rb:22:in `call'
  rack (1.4.1) lib/rack/methodoverride.rb:21:in `call'
  rack (1.4.1) lib/rack/runtime.rb:17:in `call'
  activesupport (3.2.3) lib/active_support/cache/strategy/local_cache.rb:72:in `call'
  rack (1.4.1) lib/rack/lock.rb:15:in `call'
  rack-cache (1.2) lib/rack/cache/context.rb:136:in `forward'
  rack-cache (1.2) lib/rack/cache/context.rb:245:in `fetch'
  rack-cache (1.2) lib/rack/cache/context.rb:185:in `lookup'
  rack-cache (1.2) lib/rack/cache/context.rb:66:in `call!'
  rack-cache (1.2) lib/rack/cache/context.rb:51:in `call'
  railties (3.2.3) lib/rails/engine.rb:479:in `call'
  railties (3.2.3) lib/rails/application.rb:220:in `call'
  rack (1.4.1) lib/rack/content_length.rb:14:in `call'
  railties (3.2.3) lib/rails/rack/log_tailer.rb:14:in `call'
  rack (1.4.1) lib/rack/handler/webrick.rb:59:in `service'
  /Users/gajendra/.rvm/rubies/ruby-1.9.2-p290/lib/ruby/1.9.1/webrick/httpserver.rb:111:in `service'
  /Users/gajendra/.rvm/rubies/ruby-1.9.2-p290/lib/ruby/1.9.1/webrick/httpserver.rb:70:in `run'
  /Users/gajendra/.rvm/rubies/ruby-1.9.2-p290/lib/ruby/1.9.1/webrick/server.rb:183:in `block in start_thread'




Started GET "/assets/application-411d45d553072c430c9a514ba61bafa2.js" for 127.0.0.1 at 2012-05-27 15:38:51 +0530

ActionController::RoutingError (No route matches [GET] "/assets/application-411d45d553072c430c9a514ba61bafa2.js"):
  actionpack (3.2.3) lib/action_dispatch/middleware/debug_exceptions.rb:21:in `call'
  actionpack (3.2.3) lib/action_dispatch/middleware/show_exceptions.rb:56:in `call'
  railties (3.2.3) lib/rails/rack/logger.rb:26:in `call_app'
  railties (3.2.3) lib/rails/rack/logger.rb:16:in `call'
  actionpack (3.2.3) lib/action_dispatch/middleware/request_id.rb:22:in `call'
  rack (1.4.1) lib/rack/methodoverride.rb:21:in `call'
  rack (1.4.1) lib/rack/runtime.rb:17:in `call'
  activesupport (3.2.3) lib/active_support/cache/strategy/local_cache.rb:72:in `call'
  rack (1.4.1) lib/rack/lock.rb:15:in `call'
  rack-cache (1.2) lib/rack/cache/context.rb:136:in `forward'
  rack-cache (1.2) lib/rack/cache/context.rb:245:in `fetch'
  rack-cache (1.2) lib/rack/cache/context.rb:185:in `lookup'
  rack-cache (1.2) lib/rack/cache/context.rb:66:in `call!'
  rack-cache (1.2) lib/rack/cache/context.rb:51:in `call'
  railties (3.2.3) lib/rails/engine.rb:479:in `call'
  railties (3.2.3) lib/rails/application.rb:220:in `call'
  rack (1.4.1) lib/rack/content_length.rb:14:in `call'
  railties (3.2.3) lib/rails/rack/log_tailer.rb:14:in `call'
  rack (1.4.1) lib/rack/handler/webrick.rb:59:in `service'
  /Users/gajendra/.rvm/rubies/ruby-1.9.2-p290/lib/ruby/1.9.1/webrick/httpserver.rb:111:in `service'
  /Users/gajendra/.rvm/rubies/ruby-1.9.2-p290/lib/ruby/1.9.1/webrick/httpserver.rb:70:in `run'
  /Users/gajendra/.rvm/rubies/ruby-1.9.2-p290/lib/ruby/1.9.1/webrick/server.rb:183:in `block in start_thread'




Started GET "/assets/logo_icon-a5312ce6ffd4ef31079e01f2a8af99d1.png" for 127.0.0.1 at 2012-05-27 15:38:51 +0530

ActionController::RoutingError (No route matches [GET] "/assets/logo_icon-a5312ce6ffd4ef31079e01f2a8af99d1.png"):
  actionpack (3.2.3) lib/action_dispatch/middleware/debug_exceptions.rb:21:in `call'
  actionpack (3.2.3) lib/action_dispatch/middleware/show_exceptions.rb:56:in `call'
  railties (3.2.3) lib/rails/rack/logger.rb:26:in `call_app'
  railties (3.2.3) lib/rails/rack/logger.rb:16:in `call'
  actionpack (3.2.3) lib/action_dispatch/middleware/request_id.rb:22:in `call'
  rack (1.4.1) lib/rack/methodoverride.rb:21:in `call'
  rack (1.4.1) lib/rack/runtime.rb:17:in `call'
  activesupport (3.2.3) lib/active_support/cache/strategy/local_cache.rb:72:in `call'
  rack (1.4.1) lib/rack/lock.rb:15:in `call'
  rack-cache (1.2) lib/rack/cache/context.rb:136:in `forward'
  rack-cache (1.2) lib/rack/cache/context.rb:245:in `fetch'
  rack-cache (1.2) lib/rack/cache/context.rb:185:in `lookup'
  rack-cache (1.2) lib/rack/cache/context.rb:66:in `call!'
  rack-cache (1.2) lib/rack/cache/context.rb:51:in `call'
  railties (3.2.3) lib/rails/engine.rb:479:in `call'
  railties (3.2.3) lib/rails/application.rb:220:in `call'
  rack (1.4.1) lib/rack/content_length.rb:14:in `call'
  railties (3.2.3) lib/rails/rack/log_tailer.rb:14:in `call'
  rack (1.4.1) lib/rack/handler/webrick.rb:59:in `service'
  /Users/gajendra/.rvm/rubies/ruby-1.9.2-p290/lib/ruby/1.9.1/webrick/httpserver.rb:111:in `service'
  /Users/gajendra/.rvm/rubies/ruby-1.9.2-p290/lib/ruby/1.9.1/webrick/httpserver.rb:70:in `run'
  /Users/gajendra/.rvm/rubies/ruby-1.9.2-p290/lib/ruby/1.9.1/webrick/server.rb:183:in `block in start_thread'




Started GET "/favicon.ico" for 127.0.0.1 at 2012-05-27 15:38:51 +0530

ActionController::RoutingError (No route matches [GET] "/favicon.ico"):
  actionpack (3.2.3) lib/action_dispatch/middleware/debug_exceptions.rb:21:in `call'
  actionpack (3.2.3) lib/action_dispatch/middleware/show_exceptions.rb:56:in `call'
  railties (3.2.3) lib/rails/rack/logger.rb:26:in `call_app'
  railties (3.2.3) lib/rails/rack/logger.rb:16:in `call'
  actionpack (3.2.3) lib/action_dispatch/middleware/request_id.rb:22:in `call'
  rack (1.4.1) lib/rack/methodoverride.rb:21:in `call'
  rack (1.4.1) lib/rack/runtime.rb:17:in `call'
  activesupport (3.2.3) lib/active_support/cache/strategy/local_cache.rb:72:in `call'
  rack (1.4.1) lib/rack/lock.rb:15:in `call'
  rack-cache (1.2) lib/rack/cache/context.rb:136:in `forward'
  rack-cache (1.2) lib/rack/cache/context.rb:245:in `fetch'
  rack-cache (1.2) lib/rack/cache/context.rb:185:in `lookup'
  rack-cache (1.2) lib/rack/cache/context.rb:66:in `call!'
  rack-cache (1.2) lib/rack/cache/context.rb:51:in `call'
  railties (3.2.3) lib/rails/engine.rb:479:in `call'
  railties (3.2.3) lib/rails/application.rb:220:in `call'
  rack (1.4.1) lib/rack/content_length.rb:14:in `call'
  railties (3.2.3) lib/rails/rack/log_tailer.rb:14:in `call'
  rack (1.4.1) lib/rack/handler/webrick.rb:59:in `service'
  /Users/gajendra/.rvm/rubies/ruby-1.9.2-p290/lib/ruby/1.9.1/webrick/httpserver.rb:111:in `service'
  /Users/gajendra/.rvm/rubies/ruby-1.9.2-p290/lib/ruby/1.9.1/webrick/httpserver.rb:70:in `run'
  /Users/gajendra/.rvm/rubies/ruby-1.9.2-p290/lib/ruby/1.9.1/webrick/server.rb:183:in `block in start_thread'




Started GET "/" for 127.0.0.1 at 2012-05-27 15:39:50 +0530
Processing by ProductsController#index as HTML
  Rendered products/index.html.haml within layouts/application (20.4ms)
Completed 200 OK in 360ms (Views: 113.2ms | ActiveRecord: 67.9ms)


Started GET "/assets/application-411d45d553072c430c9a514ba61bafa2.js" for 127.0.0.1 at 2012-05-27 15:39:51 +0530
Served asset /application-411d45d553072c430c9a514ba61bafa2.js - 200 OK (105ms)


Started GET "/assets/application-3c24ed796b43777b5f52d715bd4a6833.css" for 127.0.0.1 at 2012-05-27 15:39:51 +0530
Served asset /application-3c24ed796b43777b5f52d715bd4a6833.css - 200 OK (28ms)


Started GET "/assets/logo_icon-a5312ce6ffd4ef31079e01f2a8af99d1.png" for 127.0.0.1 at 2012-05-27 15:39:51 +0530
Served asset /logo_icon-a5312ce6ffd4ef31079e01f2a8af99d1.png - 200 OK (2ms)


Started GET "/favicon.ico" for 127.0.0.1 at 2012-05-27 15:39:52 +0530

ActionController::RoutingError (No route matches [GET] "/favicon.ico"):
  actionpack (3.2.3) lib/action_dispatch/middleware/debug_exceptions.rb:21:in `call'
  actionpack (3.2.3) lib/action_dispatch/middleware/show_exceptions.rb:56:in `call'
  railties (3.2.3) lib/rails/rack/logger.rb:26:in `call_app'
  railties (3.2.3) lib/rails/rack/logger.rb:16:in `call'
  actionpack (3.2.3) lib/action_dispatch/middleware/request_id.rb:22:in `call'
  rack (1.4.1) lib/rack/methodoverride.rb:21:in `call'
  rack (1.4.1) lib/rack/runtime.rb:17:in `call'
  activesupport (3.2.3) lib/active_support/cache/strategy/local_cache.rb:72:in `call'
  rack (1.4.1) lib/rack/lock.rb:15:in `call'
  rack-cache (1.2) lib/rack/cache/context.rb:136:in `forward'
  rack-cache (1.2) lib/rack/cache/context.rb:245:in `fetch'
  rack-cache (1.2) lib/rack/cache/context.rb:185:in `lookup'
  rack-cache (1.2) lib/rack/cache/context.rb:66:in `call!'
  rack-cache (1.2) lib/rack/cache/context.rb:51:in `call'
  railties (3.2.3) lib/rails/engine.rb:479:in `call'
  railties (3.2.3) lib/rails/application.rb:220:in `call'
  rack (1.4.1) lib/rack/content_length.rb:14:in `call'
  railties (3.2.3) lib/rails/rack/log_tailer.rb:14:in `call'
  rack (1.4.1) lib/rack/handler/webrick.rb:59:in `service'
  /Users/gajendra/.rvm/rubies/ruby-1.9.2-p290/lib/ruby/1.9.1/webrick/httpserver.rb:111:in `service'
  /Users/gajendra/.rvm/rubies/ruby-1.9.2-p290/lib/ruby/1.9.1/webrick/httpserver.rb:70:in `run'
  /Users/gajendra/.rvm/rubies/ruby-1.9.2-p290/lib/ruby/1.9.1/webrick/server.rb:183:in `block in start_thread'




Started GET "/favicon.ico" for 127.0.0.1 at 2012-05-27 15:39:52 +0530

ActionController::RoutingError (No route matches [GET] "/favicon.ico"):
  actionpack (3.2.3) lib/action_dispatch/middleware/debug_exceptions.rb:21:in `call'
  actionpack (3.2.3) lib/action_dispatch/middleware/show_exceptions.rb:56:in `call'
  railties (3.2.3) lib/rails/rack/logger.rb:26:in `call_app'
  railties (3.2.3) lib/rails/rack/logger.rb:16:in `call'
  actionpack (3.2.3) lib/action_dispatch/middleware/request_id.rb:22:in `call'
  rack (1.4.1) lib/rack/methodoverride.rb:21:in `call'
  rack (1.4.1) lib/rack/runtime.rb:17:in `call'
  activesupport (3.2.3) lib/active_support/cache/strategy/local_cache.rb:72:in `call'
  rack (1.4.1) lib/rack/lock.rb:15:in `call'
  rack-cache (1.2) lib/rack/cache/context.rb:136:in `forward'
  rack-cache (1.2) lib/rack/cache/context.rb:245:in `fetch'
  rack-cache (1.2) lib/rack/cache/context.rb:185:in `lookup'
  rack-cache (1.2) lib/rack/cache/context.rb:66:in `call!'
  rack-cache (1.2) lib/rack/cache/context.rb:51:in `call'
  railties (3.2.3) lib/rails/engine.rb:479:in `call'
  railties (3.2.3) lib/rails/application.rb:220:in `call'
  rack (1.4.1) lib/rack/content_length.rb:14:in `call'
  railties (3.2.3) lib/rails/rack/log_tailer.rb:14:in `call'
  rack (1.4.1) lib/rack/handler/webrick.rb:59:in `service'
  /Users/gajendra/.rvm/rubies/ruby-1.9.2-p290/lib/ruby/1.9.1/webrick/httpserver.rb:111:in `service'
  /Users/gajendra/.rvm/rubies/ruby-1.9.2-p290/lib/ruby/1.9.1/webrick/httpserver.rb:70:in `run'
  /Users/gajendra/.rvm/rubies/ruby-1.9.2-p290/lib/ruby/1.9.1/webrick/server.rb:183:in `block in start_thread'




Started GET "/favicon.ico" for 127.0.0.1 at 2012-05-27 15:39:52 +0530

ActionController::RoutingError (No route matches [GET] "/favicon.ico"):
  actionpack (3.2.3) lib/action_dispatch/middleware/debug_exceptions.rb:21:in `call'
  actionpack (3.2.3) lib/action_dispatch/middleware/show_exceptions.rb:56:in `call'
  railties (3.2.3) lib/rails/rack/logger.rb:26:in `call_app'
  railties (3.2.3) lib/rails/rack/logger.rb:16:in `call'
  actionpack (3.2.3) lib/action_dispatch/middleware/request_id.rb:22:in `call'
  rack (1.4.1) lib/rack/methodoverride.rb:21:in `call'
  rack (1.4.1) lib/rack/runtime.rb:17:in `call'
  activesupport (3.2.3) lib/active_support/cache/strategy/local_cache.rb:72:in `call'
  rack (1.4.1) lib/rack/lock.rb:15:in `call'
  rack-cache (1.2) lib/rack/cache/context.rb:136:in `forward'
  rack-cache (1.2) lib/rack/cache/context.rb:245:in `fetch'
  rack-cache (1.2) lib/rack/cache/context.rb:185:in `lookup'
  rack-cache (1.2) lib/rack/cache/context.rb:66:in `call!'
  rack-cache (1.2) lib/rack/cache/context.rb:51:in `call'
  railties (3.2.3) lib/rails/engine.rb:479:in `call'
  railties (3.2.3) lib/rails/application.rb:220:in `call'
  rack (1.4.1) lib/rack/content_length.rb:14:in `call'
  railties (3.2.3) lib/rails/rack/log_tailer.rb:14:in `call'
  rack (1.4.1) lib/rack/handler/webrick.rb:59:in `service'
  /Users/gajendra/.rvm/rubies/ruby-1.9.2-p290/lib/ruby/1.9.1/webrick/httpserver.rb:111:in `service'
  /Users/gajendra/.rvm/rubies/ruby-1.9.2-p290/lib/ruby/1.9.1/webrick/httpserver.rb:70:in `run'
  /Users/gajendra/.rvm/rubies/ruby-1.9.2-p290/lib/ruby/1.9.1/webrick/server.rb:183:in `block in start_thread'




Started GET "/favicon.ico" for 127.0.0.1 at 2012-05-27 15:39:52 +0530

ActionController::RoutingError (No route matches [GET] "/favicon.ico"):
  actionpack (3.2.3) lib/action_dispatch/middleware/debug_exceptions.rb:21:in `call'
  actionpack (3.2.3) lib/action_dispatch/middleware/show_exceptions.rb:56:in `call'
  railties (3.2.3) lib/rails/rack/logger.rb:26:in `call_app'
  railties (3.2.3) lib/rails/rack/logger.rb:16:in `call'
  actionpack (3.2.3) lib/action_dispatch/middleware/request_id.rb:22:in `call'
  rack (1.4.1) lib/rack/methodoverride.rb:21:in `call'
  rack (1.4.1) lib/rack/runtime.rb:17:in `call'
  activesupport (3.2.3) lib/active_support/cache/strategy/local_cache.rb:72:in `call'
  rack (1.4.1) lib/rack/lock.rb:15:in `call'
  rack-cache (1.2) lib/rack/cache/context.rb:136:in `forward'
  rack-cache (1.2) lib/rack/cache/context.rb:245:in `fetch'
  rack-cache (1.2) lib/rack/cache/context.rb:185:in `lookup'
  rack-cache (1.2) lib/rack/cache/context.rb:66:in `call!'
  rack-cache (1.2) lib/rack/cache/context.rb:51:in `call'
  railties (3.2.3) lib/rails/engine.rb:479:in `call'
  railties (3.2.3) lib/rails/application.rb:220:in `call'
  rack (1.4.1) lib/rack/content_length.rb:14:in `call'
  railties (3.2.3) lib/rails/rack/log_tailer.rb:14:in `call'
  rack (1.4.1) lib/rack/handler/webrick.rb:59:in `service'
  /Users/gajendra/.rvm/rubies/ruby-1.9.2-p290/lib/ruby/1.9.1/webrick/httpserver.rb:111:in `service'
  /Users/gajendra/.rvm/rubies/ruby-1.9.2-p290/lib/ruby/1.9.1/webrick/httpserver.rb:70:in `run'
  /Users/gajendra/.rvm/rubies/ruby-1.9.2-p290/lib/ruby/1.9.1/webrick/server.rb:183:in `block in start_thread'




Started GET "/favicon.ico" for 127.0.0.1 at 2012-05-27 15:39:52 +0530

ActionController::RoutingError (No route matches [GET] "/favicon.ico"):
  actionpack (3.2.3) lib/action_dispatch/middleware/debug_exceptions.rb:21:in `call'
  actionpack (3.2.3) lib/action_dispatch/middleware/show_exceptions.rb:56:in `call'
  railties (3.2.3) lib/rails/rack/logger.rb:26:in `call_app'
  railties (3.2.3) lib/rails/rack/logger.rb:16:in `call'
  actionpack (3.2.3) lib/action_dispatch/middleware/request_id.rb:22:in `call'
  rack (1.4.1) lib/rack/methodoverride.rb:21:in `call'
  rack (1.4.1) lib/rack/runtime.rb:17:in `call'
  activesupport (3.2.3) lib/active_support/cache/strategy/local_cache.rb:72:in `call'
  rack (1.4.1) lib/rack/lock.rb:15:in `call'
  rack-cache (1.2) lib/rack/cache/context.rb:136:in `forward'
  rack-cache (1.2) lib/rack/cache/context.rb:245:in `fetch'
  rack-cache (1.2) lib/rack/cache/context.rb:185:in `lookup'
  rack-cache (1.2) lib/rack/cache/context.rb:66:in `call!'
  rack-cache (1.2) lib/rack/cache/context.rb:51:in `call'
  railties (3.2.3) lib/rails/engine.rb:479:in `call'
  railties (3.2.3) lib/rails/application.rb:220:in `call'
  rack (1.4.1) lib/rack/content_length.rb:14:in `call'
  railties (3.2.3) lib/rails/rack/log_tailer.rb:14:in `call'
  rack (1.4.1) lib/rack/handler/webrick.rb:59:in `service'
  /Users/gajendra/.rvm/rubies/ruby-1.9.2-p290/lib/ruby/1.9.1/webrick/httpserver.rb:111:in `service'
  /Users/gajendra/.rvm/rubies/ruby-1.9.2-p290/lib/ruby/1.9.1/webrick/httpserver.rb:70:in `run'
  /Users/gajendra/.rvm/rubies/ruby-1.9.2-p290/lib/ruby/1.9.1/webrick/server.rb:183:in `block in start_thread'




Started GET "/sign_in" for 127.0.0.1 at 2012-05-27 15:40:01 +0530
Processing by Devise::SessionsController#new as HTML
  Rendered /Users/gajendra/.rvm/gems/ruby-1.9.2-p290@rails_3.2.3/gems/devise-2.1.0/app/views/devise/shared/_links.erb (2.2ms)
  Rendered /Users/gajendra/.rvm/gems/ruby-1.9.2-p290@rails_3.2.3/gems/devise-2.1.0/app/views/devise/sessions/new.html.erb within layouts/application (23.5ms)
Completed 200 OK in 131ms (Views: 55.7ms | ActiveRecord: 5.0ms)


Started GET "/favicon.ico" for 127.0.0.1 at 2012-05-27 15:40:01 +0530

ActionController::RoutingError (No route matches [GET] "/favicon.ico"):
  actionpack (3.2.3) lib/action_dispatch/middleware/debug_exceptions.rb:21:in `call'
  actionpack (3.2.3) lib/action_dispatch/middleware/show_exceptions.rb:56:in `call'
  railties (3.2.3) lib/rails/rack/logger.rb:26:in `call_app'
  railties (3.2.3) lib/rails/rack/logger.rb:16:in `call'
  actionpack (3.2.3) lib/action_dispatch/middleware/request_id.rb:22:in `call'
  rack (1.4.1) lib/rack/methodoverride.rb:21:in `call'
  rack (1.4.1) lib/rack/runtime.rb:17:in `call'
  activesupport (3.2.3) lib/active_support/cache/strategy/local_cache.rb:72:in `call'
  rack (1.4.1) lib/rack/lock.rb:15:in `call'
  rack-cache (1.2) lib/rack/cache/context.rb:136:in `forward'
  rack-cache (1.2) lib/rack/cache/context.rb:245:in `fetch'
  rack-cache (1.2) lib/rack/cache/context.rb:185:in `lookup'
  rack-cache (1.2) lib/rack/cache/context.rb:66:in `call!'
  rack-cache (1.2) lib/rack/cache/context.rb:51:in `call'
  railties (3.2.3) lib/rails/engine.rb:479:in `call'
  railties (3.2.3) lib/rails/application.rb:220:in `call'
  rack (1.4.1) lib/rack/content_length.rb:14:in `call'
  railties (3.2.3) lib/rails/rack/log_tailer.rb:14:in `call'
  rack (1.4.1) lib/rack/handler/webrick.rb:59:in `service'
  /Users/gajendra/.rvm/rubies/ruby-1.9.2-p290/lib/ruby/1.9.1/webrick/httpserver.rb:111:in `service'
  /Users/gajendra/.rvm/rubies/ruby-1.9.2-p290/lib/ruby/1.9.1/webrick/httpserver.rb:70:in `run'
  /Users/gajendra/.rvm/rubies/ruby-1.9.2-p290/lib/ruby/1.9.1/webrick/server.rb:183:in `block in start_thread'




Started GET "/favicon.ico" for 127.0.0.1 at 2012-05-27 15:40:01 +0530

ActionController::RoutingError (No route matches [GET] "/favicon.ico"):
  actionpack (3.2.3) lib/action_dispatch/middleware/debug_exceptions.rb:21:in `call'
  actionpack (3.2.3) lib/action_dispatch/middleware/show_exceptions.rb:56:in `call'
  railties (3.2.3) lib/rails/rack/logger.rb:26:in `call_app'
  railties (3.2.3) lib/rails/rack/logger.rb:16:in `call'
  actionpack (3.2.3) lib/action_dispatch/middleware/request_id.rb:22:in `call'
  rack (1.4.1) lib/rack/methodoverride.rb:21:in `call'
  rack (1.4.1) lib/rack/runtime.rb:17:in `call'
  activesupport (3.2.3) lib/active_support/cache/strategy/local_cache.rb:72:in `call'
  rack (1.4.1) lib/rack/lock.rb:15:in `call'
  rack-cache (1.2) lib/rack/cache/context.rb:136:in `forward'
  rack-cache (1.2) lib/rack/cache/context.rb:245:in `fetch'
  rack-cache (1.2) lib/rack/cache/context.rb:185:in `lookup'
  rack-cache (1.2) lib/rack/cache/context.rb:66:in `call!'
  rack-cache (1.2) lib/rack/cache/context.rb:51:in `call'
  railties (3.2.3) lib/rails/engine.rb:479:in `call'
  railties (3.2.3) lib/rails/application.rb:220:in `call'
  rack (1.4.1) lib/rack/content_length.rb:14:in `call'
  railties (3.2.3) lib/rails/rack/log_tailer.rb:14:in `call'
  rack (1.4.1) lib/rack/handler/webrick.rb:59:in `service'
  /Users/gajendra/.rvm/rubies/ruby-1.9.2-p290/lib/ruby/1.9.1/webrick/httpserver.rb:111:in `service'
  /Users/gajendra/.rvm/rubies/ruby-1.9.2-p290/lib/ruby/1.9.1/webrick/httpserver.rb:70:in `run'
  /Users/gajendra/.rvm/rubies/ruby-1.9.2-p290/lib/ruby/1.9.1/webrick/server.rb:183:in `block in start_thread'




Started GET "/favicon.ico" for 127.0.0.1 at 2012-05-27 15:40:01 +0530

ActionController::RoutingError (No route matches [GET] "/favicon.ico"):
  actionpack (3.2.3) lib/action_dispatch/middleware/debug_exceptions.rb:21:in `call'
  actionpack (3.2.3) lib/action_dispatch/middleware/show_exceptions.rb:56:in `call'
  railties (3.2.3) lib/rails/rack/logger.rb:26:in `call_app'
  railties (3.2.3) lib/rails/rack/logger.rb:16:in `call'
  actionpack (3.2.3) lib/action_dispatch/middleware/request_id.rb:22:in `call'
  rack (1.4.1) lib/rack/methodoverride.rb:21:in `call'
  rack (1.4.1) lib/rack/runtime.rb:17:in `call'
  activesupport (3.2.3) lib/active_support/cache/strategy/local_cache.rb:72:in `call'
  rack (1.4.1) lib/rack/lock.rb:15:in `call'
  rack-cache (1.2) lib/rack/cache/context.rb:136:in `forward'
  rack-cache (1.2) lib/rack/cache/context.rb:245:in `fetch'
  rack-cache (1.2) lib/rack/cache/context.rb:185:in `lookup'
  rack-cache (1.2) lib/rack/cache/context.rb:66:in `call!'
  rack-cache (1.2) lib/rack/cache/context.rb:51:in `call'
  railties (3.2.3) lib/rails/engine.rb:479:in `call'
  railties (3.2.3) lib/rails/application.rb:220:in `call'
  rack (1.4.1) lib/rack/content_length.rb:14:in `call'
  railties (3.2.3) lib/rails/rack/log_tailer.rb:14:in `call'
  rack (1.4.1) lib/rack/handler/webrick.rb:59:in `service'
  /Users/gajendra/.rvm/rubies/ruby-1.9.2-p290/lib/ruby/1.9.1/webrick/httpserver.rb:111:in `service'
  /Users/gajendra/.rvm/rubies/ruby-1.9.2-p290/lib/ruby/1.9.1/webrick/httpserver.rb:70:in `run'
  /Users/gajendra/.rvm/rubies/ruby-1.9.2-p290/lib/ruby/1.9.1/webrick/server.rb:183:in `block in start_thread'




Started GET "/favicon.ico" for 127.0.0.1 at 2012-05-27 15:40:01 +0530

ActionController::RoutingError (No route matches [GET] "/favicon.ico"):
  actionpack (3.2.3) lib/action_dispatch/middleware/debug_exceptions.rb:21:in `call'
  actionpack (3.2.3) lib/action_dispatch/middleware/show_exceptions.rb:56:in `call'
  railties (3.2.3) lib/rails/rack/logger.rb:26:in `call_app'
  railties (3.2.3) lib/rails/rack/logger.rb:16:in `call'
  actionpack (3.2.3) lib/action_dispatch/middleware/request_id.rb:22:in `call'
  rack (1.4.1) lib/rack/methodoverride.rb:21:in `call'
  rack (1.4.1) lib/rack/runtime.rb:17:in `call'
  activesupport (3.2.3) lib/active_support/cache/strategy/local_cache.rb:72:in `call'
  rack (1.4.1) lib/rack/lock.rb:15:in `call'
  rack-cache (1.2) lib/rack/cache/context.rb:136:in `forward'
  rack-cache (1.2) lib/rack/cache/context.rb:245:in `fetch'
  rack-cache (1.2) lib/rack/cache/context.rb:185:in `lookup'
  rack-cache (1.2) lib/rack/cache/context.rb:66:in `call!'
  rack-cache (1.2) lib/rack/cache/context.rb:51:in `call'
  railties (3.2.3) lib/rails/engine.rb:479:in `call'
  railties (3.2.3) lib/rails/application.rb:220:in `call'
  rack (1.4.1) lib/rack/content_length.rb:14:in `call'
  railties (3.2.3) lib/rails/rack/log_tailer.rb:14:in `call'
  rack (1.4.1) lib/rack/handler/webrick.rb:59:in `service'
  /Users/gajendra/.rvm/rubies/ruby-1.9.2-p290/lib/ruby/1.9.1/webrick/httpserver.rb:111:in `service'
  /Users/gajendra/.rvm/rubies/ruby-1.9.2-p290/lib/ruby/1.9.1/webrick/httpserver.rb:70:in `run'
  /Users/gajendra/.rvm/rubies/ruby-1.9.2-p290/lib/ruby/1.9.1/webrick/server.rb:183:in `block in start_thread'




Started GET "/favicon.ico" for 127.0.0.1 at 2012-05-27 15:40:01 +0530

ActionController::RoutingError (No route matches [GET] "/favicon.ico"):
  actionpack (3.2.3) lib/action_dispatch/middleware/debug_exceptions.rb:21:in `call'
  actionpack (3.2.3) lib/action_dispatch/middleware/show_exceptions.rb:56:in `call'
  railties (3.2.3) lib/rails/rack/logger.rb:26:in `call_app'
  railties (3.2.3) lib/rails/rack/logger.rb:16:in `call'
  actionpack (3.2.3) lib/action_dispatch/middleware/request_id.rb:22:in `call'
  rack (1.4.1) lib/rack/methodoverride.rb:21:in `call'
  rack (1.4.1) lib/rack/runtime.rb:17:in `call'
  activesupport (3.2.3) lib/active_support/cache/strategy/local_cache.rb:72:in `call'
  rack (1.4.1) lib/rack/lock.rb:15:in `call'
  rack-cache (1.2) lib/rack/cache/context.rb:136:in `forward'
  rack-cache (1.2) lib/rack/cache/context.rb:245:in `fetch'
  rack-cache (1.2) lib/rack/cache/context.rb:185:in `lookup'
  rack-cache (1.2) lib/rack/cache/context.rb:66:in `call!'
  rack-cache (1.2) lib/rack/cache/context.rb:51:in `call'
  railties (3.2.3) lib/rails/engine.rb:479:in `call'
  railties (3.2.3) lib/rails/application.rb:220:in `call'
  rack (1.4.1) lib/rack/content_length.rb:14:in `call'
  railties (3.2.3) lib/rails/rack/log_tailer.rb:14:in `call'
  rack (1.4.1) lib/rack/handler/webrick.rb:59:in `service'
  /Users/gajendra/.rvm/rubies/ruby-1.9.2-p290/lib/ruby/1.9.1/webrick/httpserver.rb:111:in `service'
  /Users/gajendra/.rvm/rubies/ruby-1.9.2-p290/lib/ruby/1.9.1/webrick/httpserver.rb:70:in `run'
  /Users/gajendra/.rvm/rubies/ruby-1.9.2-p290/lib/ruby/1.9.1/webrick/server.rb:183:in `block in start_thread'


Compiled jquery.js  (3ms)  (pid 22982)
Compiled jquery_ujs.js  (3ms)  (pid 22982)
Compiled twitter/bootstrap/bootstrap-transition.js  (0ms)  (pid 22982)
Compiled twitter/bootstrap/bootstrap-alert.js  (0ms)  (pid 22982)
Compiled twitter/bootstrap/bootstrap-modal.js  (0ms)  (pid 22982)
Compiled twitter/bootstrap/bootstrap-dropdown.js  (0ms)  (pid 22982)
Compiled twitter/bootstrap/bootstrap-scrollspy.js  (0ms)  (pid 22982)
Compiled twitter/bootstrap/bootstrap-tab.js  (1ms)  (pid 22982)
Compiled twitter/bootstrap/bootstrap-tooltip.js  (0ms)  (pid 22982)
Compiled twitter/bootstrap/bootstrap-popover.js  (0ms)  (pid 22982)
Compiled twitter/bootstrap/bootstrap-button.js  (0ms)  (pid 22982)
Compiled twitter/bootstrap/bootstrap-collapse.js  (0ms)  (pid 22982)
Compiled twitter/bootstrap/bootstrap-carousel.js  (0ms)  (pid 22982)
Compiled twitter/bootstrap/bootstrap-typeahead.js  (0ms)  (pid 22982)
Compiled twitter/bootstrap.js  (579ms)  (pid 22982)
Compiled endless.js  (521ms)  (pid 22982)
Compiled products.js  (3ms)  (pid 22982)
Compiled rails.validations.js  (0ms)  (pid 22982)
Compiled colosal/jquery.contentcarousel.js  (0ms)  (pid 22982)
Compiled colosal/jquery.easing.1.3.js  (0ms)  (pid 22982)
Compiled colosal/jquery.mousewheel.js  (1ms)  (pid 22982)
Compiled pin_it.js  (0ms)  (pid 22982)
Compiled application.js  (1677ms)  (pid 22982)
Compiled bootstrap_and_overrides.css  (1593ms)  (pid 22982)
Compiled categories.css  (65ms)  (pid 22982)
Compiled colosal/jquery.jscrollpane.css  (0ms)  (pid 22982)
Compiled colosal/style.css  (106ms)  (pid 22982)
Compiled comments.css  (1ms)  (pid 22982)
Compiled common.css  (2036ms)  (pid 22982)
Compiled home.css  (1ms)  (pid 22982)
Compiled pages.css  (2ms)  (pid 22982)
Compiled products.css  (23ms)  (pid 22982)
Compiled sessions.css  (1ms)  (pid 22982)
Compiled style.css  (0ms)  (pid 22982)
Compiled users.css  (6ms)  (pid 22982)
Compiled application.css  (4324ms)  (pid 22982)
Compiled jquery.js  (3ms)  (pid 22982)
Compiled jquery_ujs.js  (0ms)  (pid 22982)
Compiled twitter/bootstrap/bootstrap-transition.js  (0ms)  (pid 22982)
Compiled twitter/bootstrap/bootstrap-alert.js  (0ms)  (pid 22982)
Compiled twitter/bootstrap/bootstrap-modal.js  (0ms)  (pid 22982)
Compiled twitter/bootstrap/bootstrap-dropdown.js  (0ms)  (pid 22982)
Compiled twitter/bootstrap/bootstrap-scrollspy.js  (0ms)  (pid 22982)
Compiled twitter/bootstrap/bootstrap-tab.js  (0ms)  (pid 22982)
Compiled twitter/bootstrap/bootstrap-tooltip.js  (0ms)  (pid 22982)
Compiled twitter/bootstrap/bootstrap-popover.js  (0ms)  (pid 22982)
Compiled twitter/bootstrap/bootstrap-button.js  (0ms)  (pid 22982)
Compiled twitter/bootstrap/bootstrap-collapse.js  (1ms)  (pid 22982)
Compiled twitter/bootstrap/bootstrap-carousel.js  (1ms)  (pid 22982)
Compiled twitter/bootstrap/bootstrap-typeahead.js  (1ms)  (pid 22982)
Compiled twitter/bootstrap.js  (290ms)  (pid 22982)
Compiled endless.js  (144ms)  (pid 22982)
Compiled products.js  (2ms)  (pid 22982)
Compiled rails.validations.js  (0ms)  (pid 22982)
Compiled colosal/jquery.contentcarousel.js  (0ms)  (pid 22982)
Compiled colosal/jquery.easing.1.3.js  (1ms)  (pid 22982)
Compiled colosal/jquery.mousewheel.js  (0ms)  (pid 22982)
Compiled pin_it.js  (0ms)  (pid 22982)
Compiled application.js  (823ms)  (pid 22982)
Compiled bootstrap_and_overrides.css  (938ms)  (pid 22982)
Compiled categories.css  (41ms)  (pid 22982)
Compiled colosal/jquery.jscrollpane.css  (0ms)  (pid 22982)
Compiled colosal/style.css  (29ms)  (pid 22982)
Compiled comments.css  (1ms)  (pid 22982)
Compiled common.css  (1938ms)  (pid 22982)
Compiled home.css  (2ms)  (pid 22982)
Compiled pages.css  (4ms)  (pid 22982)
Compiled products.css  (26ms)  (pid 22982)
Compiled sessions.css  (2ms)  (pid 22982)
Compiled style.css  (0ms)  (pid 22982)
Compiled users.css  (1ms)  (pid 22982)
Compiled application.css  (3291ms)  (pid 22982)
Compiled jquery.js  (2ms)  (pid 25354)
Compiled jquery_ujs.js  (0ms)  (pid 25354)
Compiled twitter/bootstrap/bootstrap-transition.js  (0ms)  (pid 25354)
Compiled twitter/bootstrap/bootstrap-alert.js  (0ms)  (pid 25354)
Compiled twitter/bootstrap/bootstrap-modal.js  (0ms)  (pid 25354)
Compiled twitter/bootstrap/bootstrap-dropdown.js  (0ms)  (pid 25354)
Compiled twitter/bootstrap/bootstrap-scrollspy.js  (0ms)  (pid 25354)
Compiled twitter/bootstrap/bootstrap-tab.js  (0ms)  (pid 25354)
Compiled twitter/bootstrap/bootstrap-tooltip.js  (0ms)  (pid 25354)
Compiled twitter/bootstrap/bootstrap-popover.js  (0ms)  (pid 25354)
Compiled twitter/bootstrap/bootstrap-button.js  (0ms)  (pid 25354)
Compiled twitter/bootstrap/bootstrap-collapse.js  (0ms)  (pid 25354)
Compiled twitter/bootstrap/bootstrap-carousel.js  (0ms)  (pid 25354)
Compiled twitter/bootstrap/bootstrap-typeahead.js  (0ms)  (pid 25354)
Compiled twitter/bootstrap.js  (306ms)  (pid 25354)
Compiled endless.js  (109ms)  (pid 25354)
Compiled products.js  (6ms)  (pid 25354)
Compiled rails.validations.js  (0ms)  (pid 25354)
Compiled colosal/jquery.contentcarousel.js  (0ms)  (pid 25354)
Compiled colosal/jquery.easing.1.3.js  (0ms)  (pid 25354)
Compiled colosal/jquery.mousewheel.js  (0ms)  (pid 25354)
Compiled pin_it.js  (0ms)  (pid 25354)
Compiled application.js  (849ms)  (pid 25354)
Compiled bootstrap_and_overrides.css  (1236ms)  (pid 25354)
Compiled categories.css  (27ms)  (pid 25354)
Compiled colosal/jquery.jscrollpane.css  (0ms)  (pid 25354)
Compiled colosal/style.css  (44ms)  (pid 25354)
Compiled comments.css  (1ms)  (pid 25354)
Compiled common.css  (1729ms)  (pid 25354)
Compiled home.css  (2ms)  (pid 25354)
Compiled pages.css  (1ms)  (pid 25354)
Compiled products.css  (17ms)  (pid 25354)
Compiled sessions.css  (1ms)  (pid 25354)
Compiled style.css  (0ms)  (pid 25354)
Compiled users.css  (2ms)  (pid 25354)
Compiled application.css  (3346ms)  (pid 25354)
Compiled jquery.js  (2ms)  (pid 25354)
Compiled jquery_ujs.js  (0ms)  (pid 25354)
Compiled twitter/bootstrap/bootstrap-transition.js  (0ms)  (pid 25354)
Compiled twitter/bootstrap/bootstrap-alert.js  (0ms)  (pid 25354)
Compiled twitter/bootstrap/bootstrap-modal.js  (0ms)  (pid 25354)
Compiled twitter/bootstrap/bootstrap-dropdown.js  (0ms)  (pid 25354)
Compiled twitter/bootstrap/bootstrap-scrollspy.js  (0ms)  (pid 25354)
Compiled twitter/bootstrap/bootstrap-tab.js  (0ms)  (pid 25354)
Compiled twitter/bootstrap/bootstrap-tooltip.js  (0ms)  (pid 25354)
Compiled twitter/bootstrap/bootstrap-popover.js  (1ms)  (pid 25354)
Compiled twitter/bootstrap/bootstrap-button.js  (0ms)  (pid 25354)
Compiled twitter/bootstrap/bootstrap-collapse.js  (0ms)  (pid 25354)
Compiled twitter/bootstrap/bootstrap-carousel.js  (0ms)  (pid 25354)
Compiled twitter/bootstrap/bootstrap-typeahead.js  (0ms)  (pid 25354)
Compiled twitter/bootstrap.js  (395ms)  (pid 25354)
Compiled endless.js  (102ms)  (pid 25354)
Compiled products.js  (3ms)  (pid 25354)
Compiled rails.validations.js  (0ms)  (pid 25354)
Compiled colosal/jquery.contentcarousel.js  (0ms)  (pid 25354)
Compiled colosal/jquery.easing.1.3.js  (0ms)  (pid 25354)
Compiled colosal/jquery.mousewheel.js  (0ms)  (pid 25354)
Compiled pin_it.js  (0ms)  (pid 25354)
Compiled application.js  (750ms)  (pid 25354)
Compiled bootstrap_and_overrides.css  (1053ms)  (pid 25354)
Compiled categories.css  (86ms)  (pid 25354)
Compiled colosal/jquery.jscrollpane.css  (0ms)  (pid 25354)
Compiled colosal/style.css  (34ms)  (pid 25354)
Compiled comments.css  (1ms)  (pid 25354)
Compiled common.css  (1670ms)  (pid 25354)
Compiled home.css  (1ms)  (pid 25354)
Compiled pages.css  (1ms)  (pid 25354)
Compiled products.css  (26ms)  (pid 25354)
Compiled sessions.css  (3ms)  (pid 25354)
Compiled style.css  (0ms)  (pid 25354)
Compiled users.css  (1ms)  (pid 25354)
Compiled application.css  (3118ms)  (pid 25354)
Compiled jquery.js  (2ms)  (pid 27758)
Compiled jquery_ujs.js  (0ms)  (pid 27758)
Compiled twitter/bootstrap/bootstrap-transition.js  (0ms)  (pid 27758)
Compiled twitter/bootstrap/bootstrap-alert.js  (0ms)  (pid 27758)
Compiled twitter/bootstrap/bootstrap-modal.js  (0ms)  (pid 27758)
Compiled twitter/bootstrap/bootstrap-dropdown.js  (0ms)  (pid 27758)
Compiled twitter/bootstrap/bootstrap-scrollspy.js  (0ms)  (pid 27758)
Compiled twitter/bootstrap/bootstrap-tab.js  (0ms)  (pid 27758)
Compiled twitter/bootstrap/bootstrap-tooltip.js  (0ms)  (pid 27758)
Compiled twitter/bootstrap/bootstrap-popover.js  (0ms)  (pid 27758)
Compiled twitter/bootstrap/bootstrap-button.js  (0ms)  (pid 27758)
Compiled twitter/bootstrap/bootstrap-collapse.js  (0ms)  (pid 27758)
Compiled twitter/bootstrap/bootstrap-carousel.js  (0ms)  (pid 27758)
Compiled twitter/bootstrap/bootstrap-typeahead.js  (0ms)  (pid 27758)
Compiled twitter/bootstrap.js  (345ms)  (pid 27758)
Compiled endless.js  (122ms)  (pid 27758)
Compiled products.js  (4ms)  (pid 27758)
Compiled rails.validations.js  (0ms)  (pid 27758)
Compiled colosal/jquery.contentcarousel.js  (0ms)  (pid 27758)
Compiled colosal/jquery.easing.1.3.js  (0ms)  (pid 27758)
Compiled colosal/jquery.mousewheel.js  (0ms)  (pid 27758)
Compiled pin_it.js  (0ms)  (pid 27758)
Compiled application.js  (750ms)  (pid 27758)
Compiled bootstrap_and_overrides.css  (1267ms)  (pid 27758)
Compiled categories.css  (65ms)  (pid 27758)
Compiled colosal/jquery.jscrollpane.css  (0ms)  (pid 27758)
Compiled colosal/style.css  (26ms)  (pid 27758)
Compiled comments.css  (2ms)  (pid 27758)
Compiled common.css  (1668ms)  (pid 27758)
Compiled home.css  (3ms)  (pid 27758)
Compiled pages.css  (1ms)  (pid 27758)
Compiled products.css  (24ms)  (pid 27758)
Compiled sessions.css  (1ms)  (pid 27758)
Compiled style.css  (0ms)  (pid 27758)
Compiled users.css  (1ms)  (pid 27758)
Compiled application.css  (3543ms)  (pid 27758)
Compiled jquery.js  (2ms)  (pid 27758)
Compiled jquery_ujs.js  (0ms)  (pid 27758)
Compiled twitter/bootstrap/bootstrap-transition.js  (0ms)  (pid 27758)
Compiled twitter/bootstrap/bootstrap-alert.js  (0ms)  (pid 27758)
Compiled twitter/bootstrap/bootstrap-modal.js  (0ms)  (pid 27758)
Compiled twitter/bootstrap/bootstrap-dropdown.js  (0ms)  (pid 27758)
Compiled twitter/bootstrap/bootstrap-scrollspy.js  (0ms)  (pid 27758)
Compiled twitter/bootstrap/bootstrap-tab.js  (0ms)  (pid 27758)
Compiled twitter/bootstrap/bootstrap-tooltip.js  (5ms)  (pid 27758)
Compiled twitter/bootstrap/bootstrap-popover.js  (0ms)  (pid 27758)
Compiled twitter/bootstrap/bootstrap-button.js  (0ms)  (pid 27758)
Compiled twitter/bootstrap/bootstrap-collapse.js  (0ms)  (pid 27758)
Compiled twitter/bootstrap/bootstrap-carousel.js  (0ms)  (pid 27758)
Compiled twitter/bootstrap/bootstrap-typeahead.js  (0ms)  (pid 27758)
Compiled twitter/bootstrap.js  (310ms)  (pid 27758)
Compiled endless.js  (120ms)  (pid 27758)
Compiled products.js  (4ms)  (pid 27758)
Compiled rails.validations.js  (0ms)  (pid 27758)
Compiled colosal/jquery.contentcarousel.js  (0ms)  (pid 27758)
Compiled colosal/jquery.easing.1.3.js  (0ms)  (pid 27758)
Compiled colosal/jquery.mousewheel.js  (0ms)  (pid 27758)
Compiled pin_it.js  (0ms)  (pid 27758)
Compiled application.js  (648ms)  (pid 27758)
Compiled bootstrap_and_overrides.css  (979ms)  (pid 27758)
Compiled categories.css  (101ms)  (pid 27758)
Compiled colosal/jquery.jscrollpane.css  (0ms)  (pid 27758)
Compiled colosal/style.css  (39ms)  (pid 27758)
Compiled comments.css  (1ms)  (pid 27758)
Compiled common.css  (1494ms)  (pid 27758)
Compiled home.css  (1ms)  (pid 27758)
Compiled pages.css  (1ms)  (pid 27758)
Compiled products.css  (19ms)  (pid 27758)
Compiled sessions.css  (1ms)  (pid 27758)
Compiled style.css  (0ms)  (pid 27758)
Compiled users.css  (1ms)  (pid 27758)
Compiled application.css  (2906ms)  (pid 27758)
Compiled jquery.js  (3ms)  (pid 37690)
Compiled jquery_ujs.js  (0ms)  (pid 37690)
Compiled twitter/bootstrap/bootstrap-transition.js  (0ms)  (pid 37690)
Compiled twitter/bootstrap/bootstrap-alert.js  (0ms)  (pid 37690)
Compiled twitter/bootstrap/bootstrap-modal.js  (0ms)  (pid 37690)
Compiled twitter/bootstrap/bootstrap-dropdown.js  (0ms)  (pid 37690)
Compiled twitter/bootstrap/bootstrap-scrollspy.js  (0ms)  (pid 37690)
Compiled twitter/bootstrap/bootstrap-tab.js  (0ms)  (pid 37690)
Compiled twitter/bootstrap/bootstrap-tooltip.js  (0ms)  (pid 37690)
Compiled twitter/bootstrap/bootstrap-popover.js  (0ms)  (pid 37690)
Compiled twitter/bootstrap/bootstrap-button.js  (0ms)  (pid 37690)
Compiled twitter/bootstrap/bootstrap-collapse.js  (0ms)  (pid 37690)
Compiled twitter/bootstrap/bootstrap-carousel.js  (51ms)  (pid 37690)
Compiled twitter/bootstrap/bootstrap-typeahead.js  (0ms)  (pid 37690)
Compiled twitter/bootstrap.js  (263ms)  (pid 37690)
Compiled endless.js  (118ms)  (pid 37690)
Compiled products.js  (5ms)  (pid 37690)
Compiled rails.validations.js  (0ms)  (pid 37690)
Compiled colosal/jquery.contentcarousel.js  (0ms)  (pid 37690)
Compiled colosal/jquery.easing.1.3.js  (1ms)  (pid 37690)
Compiled colosal/jquery.mousewheel.js  (0ms)  (pid 37690)
Compiled pin_it.js  (0ms)  (pid 37690)
Compiled application.js  (994ms)  (pid 37690)
Compiled bootstrap_and_overrides.css  (1123ms)  (pid 37690)
Compiled categories.css  (40ms)  (pid 37690)
Compiled colosal/jquery.jscrollpane.css  (0ms)  (pid 37690)
Compiled colosal/style.css  (25ms)  (pid 37690)
Compiled comments.css  (1ms)  (pid 37690)
Compiled common.css  (1563ms)  (pid 37690)
Compiled home.css  (1ms)  (pid 37690)
Compiled pages.css  (2ms)  (pid 37690)
Compiled products.css  (18ms)  (pid 37690)
Compiled sessions.css  (1ms)  (pid 37690)
Compiled style.css  (0ms)  (pid 37690)
Compiled users.css  (1ms)  (pid 37690)
Compiled application.css  (3071ms)  (pid 37690)
Compiled jquery.js  (2ms)  (pid 37690)
Compiled jquery_ujs.js  (0ms)  (pid 37690)
Compiled twitter/bootstrap/bootstrap-transition.js  (0ms)  (pid 37690)
Compiled twitter/bootstrap/bootstrap-alert.js  (0ms)  (pid 37690)
Compiled twitter/bootstrap/bootstrap-modal.js  (0ms)  (pid 37690)
Compiled twitter/bootstrap/bootstrap-dropdown.js  (0ms)  (pid 37690)
Compiled twitter/bootstrap/bootstrap-scrollspy.js  (0ms)  (pid 37690)
Compiled twitter/bootstrap/bootstrap-tab.js  (0ms)  (pid 37690)
Compiled twitter/bootstrap/bootstrap-tooltip.js  (0ms)  (pid 37690)
Compiled twitter/bootstrap/bootstrap-popover.js  (0ms)  (pid 37690)
Compiled twitter/bootstrap/bootstrap-button.js  (0ms)  (pid 37690)
Compiled twitter/bootstrap/bootstrap-collapse.js  (0ms)  (pid 37690)
Compiled twitter/bootstrap/bootstrap-carousel.js  (0ms)  (pid 37690)
Compiled twitter/bootstrap/bootstrap-typeahead.js  (0ms)  (pid 37690)
Compiled twitter/bootstrap.js  (146ms)  (pid 37690)
Compiled endless.js  (177ms)  (pid 37690)
Compiled products.js  (3ms)  (pid 37690)
Compiled rails.validations.js  (0ms)  (pid 37690)
Compiled colosal/jquery.contentcarousel.js  (0ms)  (pid 37690)
Compiled colosal/jquery.easing.1.3.js  (0ms)  (pid 37690)
Compiled colosal/jquery.mousewheel.js  (0ms)  (pid 37690)
Compiled pin_it.js  (0ms)  (pid 37690)
Compiled application.js  (458ms)  (pid 37690)
Compiled bootstrap_and_overrides.css  (924ms)  (pid 37690)
Compiled categories.css  (76ms)  (pid 37690)
Compiled colosal/jquery.jscrollpane.css  (0ms)  (pid 37690)
Compiled colosal/style.css  (87ms)  (pid 37690)
Compiled comments.css  (1ms)  (pid 37690)
Compiled common.css  (1423ms)  (pid 37690)
Compiled home.css  (1ms)  (pid 37690)
Compiled pages.css  (1ms)  (pid 37690)
Compiled products.css  (17ms)  (pid 37690)
Compiled sessions.css  (1ms)  (pid 37690)
Compiled style.css  (0ms)  (pid 37690)
Compiled users.css  (1ms)  (pid 37690)
Compiled application.css  (2683ms)  (pid 37690)
Compiled jquery.js  (2ms)  (pid 1193)
Compiled jquery_ujs.js  (0ms)  (pid 1193)
Compiled twitter/bootstrap/bootstrap-transition.js  (0ms)  (pid 1193)
Compiled twitter/bootstrap/bootstrap-alert.js  (0ms)  (pid 1193)
Compiled twitter/bootstrap/bootstrap-modal.js  (0ms)  (pid 1193)
Compiled twitter/bootstrap/bootstrap-dropdown.js  (1ms)  (pid 1193)
Compiled twitter/bootstrap/bootstrap-scrollspy.js  (0ms)  (pid 1193)
Compiled twitter/bootstrap/bootstrap-tab.js  (0ms)  (pid 1193)
Compiled twitter/bootstrap/bootstrap-tooltip.js  (0ms)  (pid 1193)
Compiled twitter/bootstrap/bootstrap-popover.js  (0ms)  (pid 1193)
Compiled twitter/bootstrap/bootstrap-button.js  (0ms)  (pid 1193)
Compiled twitter/bootstrap/bootstrap-collapse.js  (0ms)  (pid 1193)
Compiled twitter/bootstrap/bootstrap-carousel.js  (0ms)  (pid 1193)
Compiled twitter/bootstrap/bootstrap-typeahead.js  (0ms)  (pid 1193)
Compiled twitter/bootstrap.js  (268ms)  (pid 1193)
Compiled endless.js  (225ms)  (pid 1193)
Compiled products.js  (3ms)  (pid 1193)
Compiled rails.validations.js  (0ms)  (pid 1193)
Compiled colosal/jquery.contentcarousel.js  (0ms)  (pid 1193)
Compiled colosal/jquery.easing.1.3.js  (0ms)  (pid 1193)
Compiled colosal/jquery.mousewheel.js  (0ms)  (pid 1193)
Compiled pin_it.js  (0ms)  (pid 1193)
Compiled application.js  (852ms)  (pid 1193)
Compiled bootstrap_and_overrides.css  (1125ms)  (pid 1193)
Compiled categories.css  (111ms)  (pid 1193)
Compiled colosal/jquery.jscrollpane.css  (0ms)  (pid 1193)
Compiled colosal/style.css  (25ms)  (pid 1193)
Compiled comments.css  (1ms)  (pid 1193)
Compiled common.css  (1537ms)  (pid 1193)
Compiled home.css  (1ms)  (pid 1193)
Compiled pages.css  (1ms)  (pid 1193)
Compiled products.css  (21ms)  (pid 1193)
Compiled sessions.css  (1ms)  (pid 1193)
Compiled style.css  (0ms)  (pid 1193)
Compiled users.css  (1ms)  (pid 1193)
Compiled application.css  (2987ms)  (pid 1193)
Compiled jquery.js  (2ms)  (pid 1193)
Compiled jquery_ujs.js  (0ms)  (pid 1193)
Compiled twitter/bootstrap/bootstrap-transition.js  (0ms)  (pid 1193)
Compiled twitter/bootstrap/bootstrap-alert.js  (0ms)  (pid 1193)
Compiled twitter/bootstrap/bootstrap-modal.js  (0ms)  (pid 1193)
Compiled twitter/bootstrap/bootstrap-dropdown.js  (0ms)  (pid 1193)
Compiled twitter/bootstrap/bootstrap-scrollspy.js  (0ms)  (pid 1193)
Compiled twitter/bootstrap/bootstrap-tab.js  (0ms)  (pid 1193)
Compiled twitter/bootstrap/bootstrap-tooltip.js  (0ms)  (pid 1193)
Compiled twitter/bootstrap/bootstrap-popover.js  (0ms)  (pid 1193)
Compiled twitter/bootstrap/bootstrap-button.js  (0ms)  (pid 1193)
Compiled twitter/bootstrap/bootstrap-collapse.js  (0ms)  (pid 1193)
Compiled twitter/bootstrap/bootstrap-carousel.js  (0ms)  (pid 1193)
Compiled twitter/bootstrap/bootstrap-typeahead.js  (0ms)  (pid 1193)
Compiled twitter/bootstrap.js  (155ms)  (pid 1193)
Compiled endless.js  (91ms)  (pid 1193)
Compiled products.js  (3ms)  (pid 1193)
Compiled rails.validations.js  (0ms)  (pid 1193)
Compiled colosal/jquery.contentcarousel.js  (0ms)  (pid 1193)
Compiled colosal/jquery.easing.1.3.js  (0ms)  (pid 1193)
Compiled colosal/jquery.mousewheel.js  (0ms)  (pid 1193)
Compiled pin_it.js  (0ms)  (pid 1193)
Compiled application.js  (390ms)  (pid 1193)
Compiled bootstrap_and_overrides.css  (993ms)  (pid 1193)
Compiled categories.css  (52ms)  (pid 1193)
Compiled colosal/jquery.jscrollpane.css  (0ms)  (pid 1193)
Compiled colosal/style.css  (52ms)  (pid 1193)
Compiled comments.css  (1ms)  (pid 1193)
Compiled common.css  (1533ms)  (pid 1193)
Compiled home.css  (3ms)  (pid 1193)
Compiled pages.css  (1ms)  (pid 1193)
Compiled products.css  (23ms)  (pid 1193)
Compiled sessions.css  (1ms)  (pid 1193)
Compiled style.css  (0ms)  (pid 1193)
Compiled users.css  (1ms)  (pid 1193)
Compiled application.css  (2989ms)  (pid 1193)
Compiled jquery.js  (2ms)  (pid 2769)
Compiled jquery_ujs.js  (0ms)  (pid 2769)
Compiled twitter/bootstrap/bootstrap-transition.js  (0ms)  (pid 2769)
Compiled twitter/bootstrap/bootstrap-alert.js  (0ms)  (pid 2769)
Compiled twitter/bootstrap/bootstrap-modal.js  (0ms)  (pid 2769)
Compiled twitter/bootstrap/bootstrap-dropdown.js  (0ms)  (pid 2769)
Compiled twitter/bootstrap/bootstrap-scrollspy.js  (0ms)  (pid 2769)
Compiled twitter/bootstrap/bootstrap-tab.js  (0ms)  (pid 2769)
Compiled twitter/bootstrap/bootstrap-tooltip.js  (0ms)  (pid 2769)
Compiled twitter/bootstrap/bootstrap-popover.js  (0ms)  (pid 2769)
Compiled twitter/bootstrap/bootstrap-button.js  (0ms)  (pid 2769)
Compiled twitter/bootstrap/bootstrap-collapse.js  (0ms)  (pid 2769)
Compiled twitter/bootstrap/bootstrap-carousel.js  (0ms)  (pid 2769)
Compiled twitter/bootstrap/bootstrap-typeahead.js  (0ms)  (pid 2769)
Compiled twitter/bootstrap.js  (161ms)  (pid 2769)
Compiled endless.js  (112ms)  (pid 2769)
Compiled products.js  (3ms)  (pid 2769)
Compiled rails.validations.js  (0ms)  (pid 2769)
Compiled colosal/jquery.contentcarousel.js  (0ms)  (pid 2769)
Compiled colosal/jquery.easing.1.3.js  (0ms)  (pid 2769)
Compiled colosal/jquery.mousewheel.js  (0ms)  (pid 2769)
Compiled pin_it.js  (0ms)  (pid 2769)
Compiled application.js  (484ms)  (pid 2769)
Compiled bootstrap_and_overrides.css  (1077ms)  (pid 2769)
Compiled colosal/jquery.jscrollpane.css  (0ms)  (pid 2769)
Compiled colosal/style.css  (57ms)  (pid 2769)
Compiled common.css  (15ms)  (pid 2769)
Compiled products.css  (17ms)  (pid 2769)
Compiled users.css  (2ms)  (pid 2769)
Compiled application.css  (1311ms)  (pid 2769)
Compiled jquery.js  (4ms)  (pid 2769)
Compiled jquery_ujs.js  (0ms)  (pid 2769)
Compiled twitter/bootstrap/bootstrap-transition.js  (0ms)  (pid 2769)
Compiled twitter/bootstrap/bootstrap-alert.js  (0ms)  (pid 2769)
Compiled twitter/bootstrap/bootstrap-modal.js  (0ms)  (pid 2769)
Compiled twitter/bootstrap/bootstrap-dropdown.js  (0ms)  (pid 2769)
Compiled twitter/bootstrap/bootstrap-scrollspy.js  (0ms)  (pid 2769)
Compiled twitter/bootstrap/bootstrap-tab.js  (0ms)  (pid 2769)
Compiled twitter/bootstrap/bootstrap-tooltip.js  (0ms)  (pid 2769)
Compiled twitter/bootstrap/bootstrap-popover.js  (0ms)  (pid 2769)
Compiled twitter/bootstrap/bootstrap-button.js  (0ms)  (pid 2769)
Compiled twitter/bootstrap/bootstrap-collapse.js  (0ms)  (pid 2769)
Compiled twitter/bootstrap/bootstrap-carousel.js  (0ms)  (pid 2769)
Compiled twitter/bootstrap/bootstrap-typeahead.js  (0ms)  (pid 2769)
Compiled twitter/bootstrap.js  (167ms)  (pid 2769)
Compiled endless.js  (91ms)  (pid 2769)
Compiled products.js  (3ms)  (pid 2769)
Compiled rails.validations.js  (0ms)  (pid 2769)
Compiled colosal/jquery.contentcarousel.js  (0ms)  (pid 2769)
Compiled colosal/jquery.easing.1.3.js  (0ms)  (pid 2769)
Compiled colosal/jquery.mousewheel.js  (0ms)  (pid 2769)
Compiled pin_it.js  (0ms)  (pid 2769)
Compiled application.js  (407ms)  (pid 2769)
Compiled bootstrap_and_overrides.css  (918ms)  (pid 2769)
Compiled colosal/jquery.jscrollpane.css  (0ms)  (pid 2769)
Compiled colosal/style.css  (60ms)  (pid 2769)
Compiled common.css  (15ms)  (pid 2769)
Compiled products.css  (19ms)  (pid 2769)
Compiled users.css  (1ms)  (pid 2769)
Compiled application.css  (1189ms)  (pid 2769)
Compiled jquery.js  (2ms)  (pid 3626)
Compiled jquery_ujs.js  (0ms)  (pid 3626)
Compiled twitter/bootstrap/bootstrap-transition.js  (0ms)  (pid 3626)
Compiled twitter/bootstrap/bootstrap-alert.js  (0ms)  (pid 3626)
Compiled twitter/bootstrap/bootstrap-modal.js  (0ms)  (pid 3626)
Compiled twitter/bootstrap/bootstrap-dropdown.js  (0ms)  (pid 3626)
Compiled twitter/bootstrap/bootstrap-scrollspy.js  (0ms)  (pid 3626)
Compiled twitter/bootstrap/bootstrap-tab.js  (0ms)  (pid 3626)
Compiled twitter/bootstrap/bootstrap-tooltip.js  (0ms)  (pid 3626)
Compiled twitter/bootstrap/bootstrap-popover.js  (0ms)  (pid 3626)
Compiled twitter/bootstrap/bootstrap-button.js  (0ms)  (pid 3626)
Compiled twitter/bootstrap/bootstrap-collapse.js  (0ms)  (pid 3626)
Compiled twitter/bootstrap/bootstrap-carousel.js  (0ms)  (pid 3626)
Compiled twitter/bootstrap/bootstrap-typeahead.js  (0ms)  (pid 3626)
Compiled twitter/bootstrap.js  (229ms)  (pid 3626)
Compiled endless.js  (91ms)  (pid 3626)
Compiled products.js  (3ms)  (pid 3626)
Compiled rails.validations.js  (0ms)  (pid 3626)
Compiled colosal/jquery.contentcarousel.js  (0ms)  (pid 3626)
Compiled colosal/jquery.easing.1.3.js  (0ms)  (pid 3626)
Compiled colosal/jquery.mousewheel.js  (0ms)  (pid 3626)
Compiled pin_it.js  (0ms)  (pid 3626)
Compiled application.js  (541ms)  (pid 3626)
Compiled bootstrap_and_overrides.css  (1003ms)  (pid 3626)
Compiled colosal/jquery.jscrollpane.css  (0ms)  (pid 3626)
Compiled colosal/style.css  (120ms)  (pid 3626)
Compiled common.css  (15ms)  (pid 3626)
Compiled products.css  (17ms)  (pid 3626)
Compiled users.css  (1ms)  (pid 3626)
Compiled application.css  (1195ms)  (pid 3626)
Compiled jquery.js  (2ms)  (pid 3626)
Compiled jquery_ujs.js  (0ms)  (pid 3626)
Compiled twitter/bootstrap/bootstrap-transition.js  (0ms)  (pid 3626)
Compiled twitter/bootstrap/bootstrap-alert.js  (0ms)  (pid 3626)
Compiled twitter/bootstrap/bootstrap-modal.js  (0ms)  (pid 3626)
Compiled twitter/bootstrap/bootstrap-dropdown.js  (0ms)  (pid 3626)
Compiled twitter/bootstrap/bootstrap-scrollspy.js  (0ms)  (pid 3626)
Compiled twitter/bootstrap/bootstrap-tab.js  (0ms)  (pid 3626)
Compiled twitter/bootstrap/bootstrap-tooltip.js  (0ms)  (pid 3626)
Compiled twitter/bootstrap/bootstrap-popover.js  (0ms)  (pid 3626)
Compiled twitter/bootstrap/bootstrap-button.js  (0ms)  (pid 3626)
Compiled twitter/bootstrap/bootstrap-collapse.js  (0ms)  (pid 3626)
Compiled twitter/bootstrap/bootstrap-carousel.js  (0ms)  (pid 3626)
Compiled twitter/bootstrap/bootstrap-typeahead.js  (0ms)  (pid 3626)
Compiled twitter/bootstrap.js  (154ms)  (pid 3626)
Compiled endless.js  (98ms)  (pid 3626)
Compiled products.js  (4ms)  (pid 3626)
Compiled rails.validations.js  (0ms)  (pid 3626)
Compiled colosal/jquery.contentcarousel.js  (0ms)  (pid 3626)
Compiled colosal/jquery.easing.1.3.js  (0ms)  (pid 3626)
Compiled colosal/jquery.mousewheel.js  (0ms)  (pid 3626)
Compiled pin_it.js  (0ms)  (pid 3626)
Compiled application.js  (392ms)  (pid 3626)
Compiled bootstrap_and_overrides.css  (838ms)  (pid 3626)
Compiled colosal/jquery.jscrollpane.css  (0ms)  (pid 3626)
Compiled colosal/style.css  (52ms)  (pid 3626)
Compiled common.css  (16ms)  (pid 3626)
Compiled products.css  (17ms)  (pid 3626)
Compiled users.css  (1ms)  (pid 3626)
Compiled application.css  (1094ms)  (pid 3626)
Compiled jquery.js  (2ms)  (pid 5230)
Compiled jquery_ujs.js  (0ms)  (pid 5230)
Compiled twitter/bootstrap/bootstrap-transition.js  (0ms)  (pid 5230)
Compiled twitter/bootstrap/bootstrap-alert.js  (0ms)  (pid 5230)
Compiled twitter/bootstrap/bootstrap-modal.js  (0ms)  (pid 5230)
Compiled twitter/bootstrap/bootstrap-dropdown.js  (0ms)  (pid 5230)
Compiled twitter/bootstrap/bootstrap-scrollspy.js  (0ms)  (pid 5230)
Compiled twitter/bootstrap/bootstrap-tab.js  (0ms)  (pid 5230)
Compiled twitter/bootstrap/bootstrap-tooltip.js  (0ms)  (pid 5230)
Compiled twitter/bootstrap/bootstrap-popover.js  (0ms)  (pid 5230)
Compiled twitter/bootstrap/bootstrap-button.js  (0ms)  (pid 5230)
Compiled twitter/bootstrap/bootstrap-collapse.js  (0ms)  (pid 5230)
Compiled twitter/bootstrap/bootstrap-carousel.js  (0ms)  (pid 5230)
Compiled twitter/bootstrap/bootstrap-typeahead.js  (0ms)  (pid 5230)
Compiled twitter/bootstrap.js  (188ms)  (pid 5230)
Compiled endless.js  (101ms)  (pid 5230)
Compiled products.js  (7ms)  (pid 5230)
Compiled rails.validations.js  (0ms)  (pid 5230)
Compiled colosal/jquery.contentcarousel.js  (0ms)  (pid 5230)
Compiled colosal/jquery.easing.1.3.js  (0ms)  (pid 5230)
Compiled colosal/jquery.mousewheel.js  (0ms)  (pid 5230)
Compiled pin_it.js  (0ms)  (pid 5230)
Compiled application.js  (549ms)  (pid 5230)
Compiled bootstrap_and_overrides.css  (1341ms)  (pid 5230)
Compiled colosal/jquery.jscrollpane.css  (0ms)  (pid 5230)
Compiled colosal/style.css  (179ms)  (pid 5230)
Compiled common.css  (25ms)  (pid 5230)
Compiled products.css  (25ms)  (pid 5230)
Compiled users.css  (2ms)  (pid 5230)
Compiled application.css  (1613ms)  (pid 5230)
Compiled jquery.js  (2ms)  (pid 5230)
Compiled jquery_ujs.js  (0ms)  (pid 5230)
Compiled twitter/bootstrap/bootstrap-transition.js  (0ms)  (pid 5230)
Compiled twitter/bootstrap/bootstrap-alert.js  (0ms)  (pid 5230)
Compiled twitter/bootstrap/bootstrap-modal.js  (0ms)  (pid 5230)
Compiled twitter/bootstrap/bootstrap-dropdown.js  (0ms)  (pid 5230)
Compiled twitter/bootstrap/bootstrap-scrollspy.js  (0ms)  (pid 5230)
Compiled twitter/bootstrap/bootstrap-tab.js  (0ms)  (pid 5230)
Compiled twitter/bootstrap/bootstrap-tooltip.js  (0ms)  (pid 5230)
Compiled twitter/bootstrap/bootstrap-popover.js  (0ms)  (pid 5230)
Compiled twitter/bootstrap/bootstrap-button.js  (0ms)  (pid 5230)
Compiled twitter/bootstrap/bootstrap-collapse.js  (0ms)  (pid 5230)
Compiled twitter/bootstrap/bootstrap-carousel.js  (0ms)  (pid 5230)
Compiled twitter/bootstrap/bootstrap-typeahead.js  (0ms)  (pid 5230)
Compiled twitter/bootstrap.js  (203ms)  (pid 5230)
Compiled endless.js  (112ms)  (pid 5230)
Compiled products.js  (3ms)  (pid 5230)
Compiled rails.validations.js  (0ms)  (pid 5230)
Compiled colosal/jquery.contentcarousel.js  (0ms)  (pid 5230)
Compiled colosal/jquery.easing.1.3.js  (0ms)  (pid 5230)
Compiled colosal/jquery.mousewheel.js  (0ms)  (pid 5230)
Compiled pin_it.js  (0ms)  (pid 5230)
Compiled application.js  (477ms)  (pid 5230)
Compiled bootstrap_and_overrides.css  (1139ms)  (pid 5230)
Compiled colosal/jquery.jscrollpane.css  (0ms)  (pid 5230)
Compiled colosal/style.css  (107ms)  (pid 5230)
Compiled common.css  (27ms)  (pid 5230)
Compiled products.css  (36ms)  (pid 5230)
Compiled users.css  (4ms)  (pid 5230)
Compiled application.css  (1615ms)  (pid 5230)
Compiled jquery.js  (2ms)  (pid 5397)
Compiled jquery_ujs.js  (0ms)  (pid 5397)
Compiled twitter/bootstrap/bootstrap-transition.js  (0ms)  (pid 5397)
Compiled twitter/bootstrap/bootstrap-alert.js  (0ms)  (pid 5397)
Compiled twitter/bootstrap/bootstrap-modal.js  (0ms)  (pid 5397)
Compiled twitter/bootstrap/bootstrap-dropdown.js  (0ms)  (pid 5397)
Compiled twitter/bootstrap/bootstrap-scrollspy.js  (1ms)  (pid 5397)
Compiled twitter/bootstrap/bootstrap-tab.js  (0ms)  (pid 5397)
Compiled twitter/bootstrap/bootstrap-tooltip.js  (0ms)  (pid 5397)
Compiled twitter/bootstrap/bootstrap-popover.js  (0ms)  (pid 5397)
Compiled twitter/bootstrap/bootstrap-button.js  (0ms)  (pid 5397)
Compiled twitter/bootstrap/bootstrap-collapse.js  (0ms)  (pid 5397)
Compiled twitter/bootstrap/bootstrap-carousel.js  (0ms)  (pid 5397)
Compiled twitter/bootstrap/bootstrap-typeahead.js  (0ms)  (pid 5397)
Compiled twitter/bootstrap.js  (208ms)  (pid 5397)
Compiled endless.js  (130ms)  (pid 5397)
Compiled products.js  (7ms)  (pid 5397)
Compiled rails.validations.js  (0ms)  (pid 5397)
Compiled colosal/jquery.contentcarousel.js  (0ms)  (pid 5397)
Compiled colosal/jquery.easing.1.3.js  (0ms)  (pid 5397)
Compiled colosal/jquery.mousewheel.js  (0ms)  (pid 5397)
Compiled pin_it.js  (0ms)  (pid 5397)
Compiled application.js  (622ms)  (pid 5397)
Compiled bootstrap_and_overrides.css  (1321ms)  (pid 5397)
Compiled colosal/jquery.jscrollpane.css  (0ms)  (pid 5397)
Compiled colosal/style.css  (227ms)  (pid 5397)
Compiled common.css  (48ms)  (pid 5397)
Compiled products.css  (27ms)  (pid 5397)
Compiled users.css  (3ms)  (pid 5397)
Compiled application.css  (1857ms)  (pid 5397)
Compiled jquery.js  (5ms)  (pid 5397)
Compiled jquery_ujs.js  (0ms)  (pid 5397)
Compiled twitter/bootstrap/bootstrap-transition.js  (0ms)  (pid 5397)
Compiled twitter/bootstrap/bootstrap-alert.js  (0ms)  (pid 5397)
Compiled twitter/bootstrap/bootstrap-modal.js  (0ms)  (pid 5397)
Compiled twitter/bootstrap/bootstrap-dropdown.js  (0ms)  (pid 5397)
Compiled twitter/bootstrap/bootstrap-scrollspy.js  (0ms)  (pid 5397)
Compiled twitter/bootstrap/bootstrap-tab.js  (0ms)  (pid 5397)
Compiled twitter/bootstrap/bootstrap-tooltip.js  (0ms)  (pid 5397)
Compiled twitter/bootstrap/bootstrap-popover.js  (0ms)  (pid 5397)
Compiled twitter/bootstrap/bootstrap-button.js  (0ms)  (pid 5397)
Compiled twitter/bootstrap/bootstrap-collapse.js  (0ms)  (pid 5397)
Compiled twitter/bootstrap/bootstrap-carousel.js  (0ms)  (pid 5397)
Compiled twitter/bootstrap/bootstrap-typeahead.js  (0ms)  (pid 5397)
Compiled twitter/bootstrap.js  (209ms)  (pid 5397)
Compiled endless.js  (107ms)  (pid 5397)
Compiled products.js  (4ms)  (pid 5397)
Compiled rails.validations.js  (0ms)  (pid 5397)
Compiled colosal/jquery.contentcarousel.js  (0ms)  (pid 5397)
Compiled colosal/jquery.easing.1.3.js  (0ms)  (pid 5397)
Compiled colosal/jquery.mousewheel.js  (0ms)  (pid 5397)
Compiled pin_it.js  (1ms)  (pid 5397)
Compiled application.js  (495ms)  (pid 5397)
Compiled bootstrap_and_overrides.css  (994ms)  (pid 5397)
Compiled colosal/jquery.jscrollpane.css  (0ms)  (pid 5397)
Compiled colosal/style.css  (65ms)  (pid 5397)
Compiled common.css  (18ms)  (pid 5397)
Compiled products.css  (25ms)  (pid 5397)
Compiled users.css  (1ms)  (pid 5397)
Compiled application.css  (1302ms)  (pid 5397)
Compiled jquery.js  (2ms)  (pid 6204)
Compiled jquery_ujs.js  (0ms)  (pid 6204)
Compiled twitter/bootstrap/bootstrap-transition.js  (0ms)  (pid 6204)
Compiled twitter/bootstrap/bootstrap-alert.js  (0ms)  (pid 6204)
Compiled twitter/bootstrap/bootstrap-modal.js  (0ms)  (pid 6204)
Compiled twitter/bootstrap/bootstrap-dropdown.js  (0ms)  (pid 6204)
Compiled twitter/bootstrap/bootstrap-scrollspy.js  (0ms)  (pid 6204)
Compiled twitter/bootstrap/bootstrap-tab.js  (0ms)  (pid 6204)
Compiled twitter/bootstrap/bootstrap-tooltip.js  (2ms)  (pid 6204)
Compiled twitter/bootstrap/bootstrap-popover.js  (0ms)  (pid 6204)
Compiled twitter/bootstrap/bootstrap-button.js  (0ms)  (pid 6204)
Compiled twitter/bootstrap/bootstrap-collapse.js  (0ms)  (pid 6204)
Compiled twitter/bootstrap/bootstrap-carousel.js  (0ms)  (pid 6204)
Compiled twitter/bootstrap/bootstrap-typeahead.js  (1ms)  (pid 6204)
Compiled twitter/bootstrap.js  (250ms)  (pid 6204)
Compiled endless.js  (116ms)  (pid 6204)
Compiled products.js  (6ms)  (pid 6204)
Compiled rails.validations.js  (0ms)  (pid 6204)
Compiled colosal/jquery.contentcarousel.js  (0ms)  (pid 6204)
Compiled colosal/jquery.easing.1.3.js  (0ms)  (pid 6204)
Compiled colosal/jquery.mousewheel.js  (2ms)  (pid 6204)
Compiled pin_it.js  (0ms)  (pid 6204)
Compiled application.js  (772ms)  (pid 6204)
Compiled bootstrap_and_overrides.css  (1189ms)  (pid 6204)
Compiled colosal/jquery.jscrollpane.css  (0ms)  (pid 6204)
Compiled colosal/style.css  (65ms)  (pid 6204)
Compiled common.css  (16ms)  (pid 6204)
Compiled products.css  (24ms)  (pid 6204)
Compiled users.css  (1ms)  (pid 6204)
Compiled application.css  (1526ms)  (pid 6204)
Compiled jquery.js  (2ms)  (pid 6204)
Compiled jquery_ujs.js  (0ms)  (pid 6204)
Compiled twitter/bootstrap/bootstrap-transition.js  (0ms)  (pid 6204)
Compiled twitter/bootstrap/bootstrap-alert.js  (0ms)  (pid 6204)
Compiled twitter/bootstrap/bootstrap-modal.js  (0ms)  (pid 6204)
Compiled twitter/bootstrap/bootstrap-dropdown.js  (0ms)  (pid 6204)
Compiled twitter/bootstrap/bootstrap-scrollspy.js  (0ms)  (pid 6204)
Compiled twitter/bootstrap/bootstrap-tab.js  (0ms)  (pid 6204)
Compiled twitter/bootstrap/bootstrap-tooltip.js  (0ms)  (pid 6204)
Compiled twitter/bootstrap/bootstrap-popover.js  (0ms)  (pid 6204)
Compiled twitter/bootstrap/bootstrap-button.js  (0ms)  (pid 6204)
Compiled twitter/bootstrap/bootstrap-collapse.js  (0ms)  (pid 6204)
Compiled twitter/bootstrap/bootstrap-carousel.js  (0ms)  (pid 6204)
Compiled twitter/bootstrap/bootstrap-typeahead.js  (0ms)  (pid 6204)
Compiled twitter/bootstrap.js  (202ms)  (pid 6204)
Compiled endless.js  (160ms)  (pid 6204)
Compiled products.js  (6ms)  (pid 6204)
Compiled rails.validations.js  (0ms)  (pid 6204)
Compiled colosal/jquery.contentcarousel.js  (0ms)  (pid 6204)
Compiled colosal/jquery.easing.1.3.js  (0ms)  (pid 6204)
Compiled colosal/jquery.mousewheel.js  (0ms)  (pid 6204)
Compiled pin_it.js  (0ms)  (pid 6204)
Compiled application.js  (456ms)  (pid 6204)
Compiled bootstrap_and_overrides.css  (837ms)  (pid 6204)
Compiled colosal/jquery.jscrollpane.css  (0ms)  (pid 6204)
Compiled colosal/style.css  (57ms)  (pid 6204)
Compiled common.css  (15ms)  (pid 6204)
Compiled products.css  (16ms)  (pid 6204)
Compiled users.css  (1ms)  (pid 6204)
Compiled application.css  (1028ms)  (pid 6204)
